[0.008s] Invoking command in '/home/sami/session7/build/interfaces': CMAKE_PREFIX_PATH=${CMAKE_PREFIX_PATH}:/home/sami/session7-ros2/install/walldetector:/opt/ros/humble /usr/bin/cmake /home/sami/session7/src/interfaces -DCMAKE_INSTALL_PREFIX=/home/sami/session7/install/interfaces
[0.056s] -- The C compiler identification is GNU 11.4.0
[0.093s] -- The CXX compiler identification is GNU 11.4.0
[0.099s] -- Detecting C compiler ABI info
[0.144s] -- Detecting C compiler ABI info - done
[0.149s] -- Check for working C compiler: /usr/bin/cc - skipped
[0.149s] -- Detecting C compile features
[0.149s] -- Detecting C compile features - done
[0.152s] -- Detecting CXX compiler ABI info
[0.205s] -- Detecting CXX compiler ABI info - done
[0.210s] -- Check for working CXX compiler: /usr/bin/c++ - skipped
[0.210s] -- Detecting CXX compile features
[0.210s] -- Detecting CXX compile features - done
[0.216s] -- Found ament_cmake: 1.3.9 (/opt/ros/humble/share/ament_cmake/cmake)
[0.310s] -- Found Python3: /usr/bin/python3 (found version "3.10.12") found components: Interpreter 
[0.366s] -- Found rosidl_default_generators: 1.2.0 (/opt/ros/humble/share/rosidl_default_generators/cmake)
[0.369s] -- Using all available rosidl_typesupport_c: rosidl_typesupport_fastrtps_c;rosidl_typesupport_introspection_c
[0.375s] -- Found rosidl_adapter: 3.1.5 (/opt/ros/humble/share/rosidl_adapter/cmake)
[0.405s] -- Using all available rosidl_typesupport_cpp: rosidl_typesupport_fastrtps_cpp;rosidl_typesupport_introspection_cpp
[0.649s] -- Found ament_cmake_ros: 0.10.0 (/opt/ros/humble/share/ament_cmake_ros/cmake)
[0.778s] -- Using all available rosidl_typesupport_c: rosidl_typesupport_fastrtps_c;rosidl_typesupport_introspection_c
[0.937s] -- Using all available rosidl_typesupport_cpp: rosidl_typesupport_fastrtps_cpp;rosidl_typesupport_introspection_cpp
[0.954s] -- Found PythonInterp: /usr/bin/python3 (found suitable version "3.10.12", minimum required is "3.6") 
[0.956s] -- Found python_cmake_module: 0.10.0 (/opt/ros/humble/share/python_cmake_module/cmake)
[0.977s] -- Found PythonLibs: /usr/lib/x86_64-linux-gnu/libpython3.10.so (found suitable version "3.10.12", minimum required is "3.5") 
[0.977s] -- Using PYTHON_EXECUTABLE: /usr/bin/python3
[0.977s] -- Using PYTHON_INCLUDE_DIRS: /usr/include/python3.10
[0.977s] -- Using PYTHON_LIBRARIES: /usr/lib/x86_64-linux-gnu/libpython3.10.so
[0.990s] -- Found PythonExtra: .so  
[1.022s] -- Found ament_lint_auto: 0.12.11 (/opt/ros/humble/share/ament_lint_auto/cmake)
[1.033s] -- Added test 'lint_cmake' to check CMake code style
[1.034s] -- Added test 'xmllint' to check XML markup files
[1.035s] -- Configuring done
[1.052s] -- Generating done
[1.054s] -- Build files have been written to: /home/sami/session7/build/interfaces
[1.059s] Invoked command in '/home/sami/session7/build/interfaces' returned '0': CMAKE_PREFIX_PATH=${CMAKE_PREFIX_PATH}:/home/sami/session7-ros2/install/walldetector:/opt/ros/humble /usr/bin/cmake /home/sami/session7/src/interfaces -DCMAKE_INSTALL_PREFIX=/home/sami/session7/install/interfaces
[1.060s] Invoking command in '/home/sami/session7/build/interfaces': CMAKE_PREFIX_PATH=${CMAKE_PREFIX_PATH}:/home/sami/session7-ros2/install/walldetector:/opt/ros/humble /usr/bin/cmake --build /home/sami/session7/build/interfaces -- -j8 -l8
[1.085s] [  2%] [34m[1mGenerating C code for ROS interfaces[0m
[1.092s] [  5%] [34m[1mGenerating C++ code for ROS interfaces[0m
[1.098s] [  5%] Built target ament_cmake_python_copy_interfaces
[1.253s] running egg_info
[1.253s] creating interfaces.egg-info
[1.253s] writing interfaces.egg-info/PKG-INFO
[1.253s] writing dependency_links to interfaces.egg-info/dependency_links.txt
[1.253s] writing top-level names to interfaces.egg-info/top_level.txt
[1.253s] writing manifest file 'interfaces.egg-info/SOURCES.txt'
[1.255s] reading manifest file 'interfaces.egg-info/SOURCES.txt'
[1.255s] writing manifest file 'interfaces.egg-info/SOURCES.txt'
[1.273s] [  5%] Built target ament_cmake_python_build_interfaces_egg
[1.438s] [  5%] Built target interfaces__cpp
[1.445s] [ 12%] [34m[1mGenerating C++ introspection for ROS interfaces[0m
[1.445s] [ 12%] [34m[1mGenerating C++ type support dispatch for ROS interfaces[0m
[1.445s] [ 12%] [34m[1mGenerating C++ type support for eProsima Fast-RTPS[0m
[1.458s] [ 15%] [32mBuilding C object CMakeFiles/interfaces__rosidl_generator_c.dir/rosidl_generator_c/interfaces/action/detail/lap_time__functions.c.o[0m
[1.460s] [ 17%] [32mBuilding C object CMakeFiles/interfaces__rosidl_generator_c.dir/rosidl_generator_c/interfaces/srv/detail/find_closest_wall__functions.c.o[0m
[1.552s] [ 20%] [32m[1mLinking C shared library libinterfaces__rosidl_generator_c.so[0m
[1.576s] [ 20%] Built target interfaces__rosidl_generator_c
[1.585s] [ 23%] [34m[1mGenerating C type support for eProsima Fast-RTPS[0m
[1.585s] [ 25%] [34m[1mGenerating C introspection for ROS interfaces[0m
[1.585s] [ 28%] [34m[1mGenerating C type support dispatch for ROS interfaces[0m
[1.708s] [ 30%] [32mBuilding CXX object CMakeFiles/interfaces__rosidl_typesupport_cpp.dir/rosidl_typesupport_cpp/interfaces/srv/find_closest_wall__type_support.cpp.o[0m
[1.709s] [ 33%] [32mBuilding CXX object CMakeFiles/interfaces__rosidl_typesupport_cpp.dir/rosidl_typesupport_cpp/interfaces/action/lap_time__type_support.cpp.o[0m
[1.810s] [ 38%] [32mBuilding CXX object CMakeFiles/interfaces__rosidl_typesupport_fastrtps_cpp.dir/rosidl_typesupport_fastrtps_cpp/interfaces/srv/detail/dds_fastrtps/find_closest_wall__type_support.cpp.o[0m
[1.810s] [ 38%] [32mBuilding CXX object CMakeFiles/interfaces__rosidl_typesupport_fastrtps_cpp.dir/rosidl_typesupport_fastrtps_cpp/interfaces/action/detail/dds_fastrtps/lap_time__type_support.cpp.o[0m
[1.905s] [ 41%] [32mBuilding CXX object CMakeFiles/interfaces__rosidl_typesupport_introspection_cpp.dir/rosidl_typesupport_introspection_cpp/interfaces/action/detail/lap_time__type_support.cpp.o[0m
[2.005s] [ 43%] [32mBuilding CXX object CMakeFiles/interfaces__rosidl_typesupport_introspection_cpp.dir/rosidl_typesupport_introspection_cpp/interfaces/srv/detail/find_closest_wall__type_support.cpp.o[0m
[2.039s] [ 46%] [32mBuilding CXX object CMakeFiles/interfaces__rosidl_typesupport_c.dir/rosidl_typesupport_c/interfaces/action/lap_time__type_support.cpp.o[0m
[2.095s] [ 48%] [32mBuilding CXX object CMakeFiles/interfaces__rosidl_typesupport_c.dir/rosidl_typesupport_c/interfaces/srv/find_closest_wall__type_support.cpp.o[0m
[2.132s] [ 51%] [32m[1mLinking CXX shared library libinterfaces__rosidl_typesupport_c.so[0m
[2.204s] [ 51%] Built target interfaces__rosidl_typesupport_c
[2.227s] [ 53%] [32m[1mLinking CXX shared library libinterfaces__rosidl_typesupport_cpp.so[0m
[2.255s] [ 56%] [32mBuilding CXX object CMakeFiles/interfaces__rosidl_typesupport_fastrtps_c.dir/rosidl_typesupport_fastrtps_c/interfaces/srv/detail/find_closest_wall__type_support_c.cpp.o[0m
[2.255s] [ 58%] [32mBuilding CXX object CMakeFiles/interfaces__rosidl_typesupport_fastrtps_c.dir/rosidl_typesupport_fastrtps_c/interfaces/action/detail/lap_time__type_support_c.cpp.o[0m
[2.262s] [ 61%] [32mBuilding C object CMakeFiles/interfaces__rosidl_typesupport_introspection_c.dir/rosidl_typesupport_introspection_c/interfaces/action/detail/lap_time__type_support.c.o[0m
[2.276s] [ 61%] Built target interfaces__rosidl_typesupport_cpp
[2.280s] [ 64%] [32mBuilding C object CMakeFiles/interfaces__rosidl_typesupport_introspection_c.dir/rosidl_typesupport_introspection_c/interfaces/srv/detail/find_closest_wall__type_support.c.o[0m
[2.314s] [ 66%] [32m[1mLinking C shared library libinterfaces__rosidl_typesupport_introspection_c.so[0m
[2.342s] [ 66%] Built target interfaces__rosidl_typesupport_introspection_c
[2.436s] [ 69%] [32m[1mLinking CXX shared library libinterfaces__rosidl_typesupport_fastrtps_cpp.so[0m
[2.496s] [ 69%] Built target interfaces__rosidl_typesupport_fastrtps_cpp
[2.527s] [ 71%] [32m[1mLinking CXX shared library libinterfaces__rosidl_typesupport_introspection_cpp.so[0m
[2.576s] [ 71%] Built target interfaces__rosidl_typesupport_introspection_cpp
[2.594s] [ 74%] [32m[1mLinking CXX shared library libinterfaces__rosidl_typesupport_fastrtps_c.so[0m
[2.643s] [ 74%] Built target interfaces__rosidl_typesupport_fastrtps_c
[2.656s] [ 74%] Built target interfaces
[2.669s] [ 76%] [34m[1mGenerating Python code for ROS interfaces[0m
[3.257s] [ 76%] Built target interfaces__py
[3.269s] [ 82%] [32mBuilding C object CMakeFiles/interfaces__rosidl_generator_py.dir/rosidl_generator_py/interfaces/srv/_find_closest_wall_s.c.o[0m
[3.269s] [ 82%] [32mBuilding C object CMakeFiles/interfaces__rosidl_generator_py.dir/rosidl_generator_py/interfaces/action/_lap_time_s.c.o[0m
[3.358s] [ 84%] [32m[1mLinking C shared library rosidl_generator_py/interfaces/libinterfaces__rosidl_generator_py.so[0m
[3.384s] [ 84%] Built target interfaces__rosidl_generator_py
[3.398s] [ 92%] [32mBuilding C object CMakeFiles/interfaces__rosidl_typesupport_c__pyext.dir/rosidl_generator_py/interfaces/_interfaces_s.ep.rosidl_typesupport_c.c.o[0m
[3.398s] [ 92%] [32mBuilding C object CMakeFiles/interfaces__rosidl_typesupport_fastrtps_c__pyext.dir/rosidl_generator_py/interfaces/_interfaces_s.ep.rosidl_typesupport_fastrtps_c.c.o[0m
[3.399s] [ 92%] [32mBuilding C object CMakeFiles/interfaces__rosidl_typesupport_introspection_c__pyext.dir/rosidl_generator_py/interfaces/_interfaces_s.ep.rosidl_typesupport_introspection_c.c.o[0m
[3.484s] [100%] [32m[1mLinking C shared library rosidl_generator_py/interfaces/interfaces_s__rosidl_typesupport_c.cpython-310-x86_64-linux-gnu.so[0m
[3.484s] [100%] [32m[1mLinking C shared library rosidl_generator_py/interfaces/interfaces_s__rosidl_typesupport_introspection_c.cpython-310-x86_64-linux-gnu.so[0m
[3.484s] [100%] [32m[1mLinking C shared library rosidl_generator_py/interfaces/interfaces_s__rosidl_typesupport_fastrtps_c.cpython-310-x86_64-linux-gnu.so[0m
[3.512s] [100%] Built target interfaces__rosidl_typesupport_introspection_c__pyext
[3.512s] [100%] Built target interfaces__rosidl_typesupport_c__pyext
[3.512s] [100%] Built target interfaces__rosidl_typesupport_fastrtps_c__pyext
[3.520s] Invoked command in '/home/sami/session7/build/interfaces' returned '0': CMAKE_PREFIX_PATH=${CMAKE_PREFIX_PATH}:/home/sami/session7-ros2/install/walldetector:/opt/ros/humble /usr/bin/cmake --build /home/sami/session7/build/interfaces -- -j8 -l8
[3.568s] Invoking command in '/home/sami/session7/build/interfaces': CMAKE_PREFIX_PATH=${CMAKE_PREFIX_PATH}:/home/sami/session7-ros2/install/walldetector:/opt/ros/humble /usr/bin/cmake --install /home/sami/session7/build/interfaces
[3.573s] -- Install configuration: ""
[3.573s] -- Installing: /home/sami/session7/install/interfaces/share/ament_index/resource_index/rosidl_interfaces/interfaces
[3.573s] -- Installing: /home/sami/session7/install/interfaces/include/interfaces/interfaces
[3.573s] -- Installing: /home/sami/session7/install/interfaces/include/interfaces/interfaces/srv
[3.573s] -- Installing: /home/sami/session7/install/interfaces/include/interfaces/interfaces/srv/detail
[3.573s] -- Installing: /home/sami/session7/install/interfaces/include/interfaces/interfaces/srv/detail/find_closest_wall__type_support.h
[3.573s] -- Installing: /home/sami/session7/install/interfaces/include/interfaces/interfaces/srv/detail/find_closest_wall__functions.c
[3.574s] -- Installing: /home/sami/session7/install/interfaces/include/interfaces/interfaces/srv/detail/find_closest_wall__struct.h
[3.574s] -- Installing: /home/sami/session7/install/interfaces/include/interfaces/interfaces/srv/detail/find_closest_wall__functions.h
[3.574s] -- Installing: /home/sami/session7/install/interfaces/include/interfaces/interfaces/srv/find_closest_wall.h
[3.574s] -- Installing: /home/sami/session7/install/interfaces/include/interfaces/interfaces/action
[3.574s] -- Installing: /home/sami/session7/install/interfaces/include/interfaces/interfaces/action/lap_time.h
[3.574s] -- Installing: /home/sami/session7/install/interfaces/include/interfaces/interfaces/action/detail
[3.574s] -- Installing: /home/sami/session7/install/interfaces/include/interfaces/interfaces/action/detail/lap_time__struct.h
[3.574s] -- Installing: /home/sami/session7/install/interfaces/include/interfaces/interfaces/action/detail/lap_time__functions.c
[3.574s] -- Installing: /home/sami/session7/install/interfaces/include/interfaces/interfaces/action/detail/lap_time__functions.h
[3.574s] -- Installing: /home/sami/session7/install/interfaces/include/interfaces/interfaces/action/detail/lap_time__type_support.h
[3.574s] -- Installing: /home/sami/session7/install/interfaces/include/interfaces/interfaces/msg
[3.574s] -- Installing: /home/sami/session7/install/interfaces/include/interfaces/interfaces/msg/rosidl_generator_c__visibility_control.h
[3.574s] -- Installing: /home/sami/session7/install/interfaces/share/interfaces/environment/library_path.sh
[3.574s] -- Installing: /home/sami/session7/install/interfaces/share/interfaces/environment/library_path.dsv
[3.575s] -- Installing: /home/sami/session7/install/interfaces/lib/libinterfaces__rosidl_generator_c.so
[3.575s] -- Set runtime path of "/home/sami/session7/install/interfaces/lib/libinterfaces__rosidl_generator_c.so" to ""
[3.575s] -- Up-to-date: /home/sami/session7/install/interfaces/include/interfaces/interfaces
[3.575s] -- Up-to-date: /home/sami/session7/install/interfaces/include/interfaces/interfaces/srv
[3.575s] -- Up-to-date: /home/sami/session7/install/interfaces/include/interfaces/interfaces/srv/detail
[3.575s] -- Installing: /home/sami/session7/install/interfaces/include/interfaces/interfaces/srv/detail/find_closest_wall__rosidl_typesupport_fastrtps_c.h
[3.575s] -- Up-to-date: /home/sami/session7/install/interfaces/include/interfaces/interfaces/action
[3.575s] -- Up-to-date: /home/sami/session7/install/interfaces/include/interfaces/interfaces/action/detail
[3.575s] -- Installing: /home/sami/session7/install/interfaces/include/interfaces/interfaces/action/detail/lap_time__rosidl_typesupport_fastrtps_c.h
[3.575s] -- Up-to-date: /home/sami/session7/install/interfaces/include/interfaces/interfaces/msg
[3.575s] -- Installing: /home/sami/session7/install/interfaces/include/interfaces/interfaces/msg/rosidl_typesupport_fastrtps_c__visibility_control.h
[3.575s] -- Installing: /home/sami/session7/install/interfaces/lib/libinterfaces__rosidl_typesupport_fastrtps_c.so
[3.575s] -- Set runtime path of "/home/sami/session7/install/interfaces/lib/libinterfaces__rosidl_typesupport_fastrtps_c.so" to ""
[3.575s] -- Up-to-date: /home/sami/session7/install/interfaces/include/interfaces/interfaces
[3.575s] -- Up-to-date: /home/sami/session7/install/interfaces/include/interfaces/interfaces/srv
[3.576s] -- Up-to-date: /home/sami/session7/install/interfaces/include/interfaces/interfaces/srv/detail
[3.576s] -- Installing: /home/sami/session7/install/interfaces/include/interfaces/interfaces/srv/detail/find_closest_wall__rosidl_typesupport_introspection_c.h
[3.576s] -- Installing: /home/sami/session7/install/interfaces/include/interfaces/interfaces/srv/detail/find_closest_wall__type_support.c
[3.576s] -- Up-to-date: /home/sami/session7/install/interfaces/include/interfaces/interfaces/action
[3.576s] -- Up-to-date: /home/sami/session7/install/interfaces/include/interfaces/interfaces/action/detail
[3.576s] -- Installing: /home/sami/session7/install/interfaces/include/interfaces/interfaces/action/detail/lap_time__type_support.c
[3.576s] -- Installing: /home/sami/session7/install/interfaces/include/interfaces/interfaces/action/detail/lap_time__rosidl_typesupport_introspection_c.h
[3.576s] -- Up-to-date: /home/sami/session7/install/interfaces/include/interfaces/interfaces/msg
[3.576s] -- Installing: /home/sami/session7/install/interfaces/include/interfaces/interfaces/msg/rosidl_typesupport_introspection_c__visibility_control.h
[3.576s] -- Installing: /home/sami/session7/install/interfaces/lib/libinterfaces__rosidl_typesupport_introspection_c.so
[3.576s] -- Set runtime path of "/home/sami/session7/install/interfaces/lib/libinterfaces__rosidl_typesupport_introspection_c.so" to ""
[3.576s] -- Installing: /home/sami/session7/install/interfaces/lib/libinterfaces__rosidl_typesupport_c.so
[3.576s] -- Set runtime path of "/home/sami/session7/install/interfaces/lib/libinterfaces__rosidl_typesupport_c.so" to ""
[3.576s] -- Up-to-date: /home/sami/session7/install/interfaces/include/interfaces/interfaces
[3.576s] -- Up-to-date: /home/sami/session7/install/interfaces/include/interfaces/interfaces/srv
[3.576s] -- Up-to-date: /home/sami/session7/install/interfaces/include/interfaces/interfaces/srv/detail
[3.576s] -- Installing: /home/sami/session7/install/interfaces/include/interfaces/interfaces/srv/detail/find_closest_wall__builder.hpp
[3.577s] -- Installing: /home/sami/session7/install/interfaces/include/interfaces/interfaces/srv/detail/find_closest_wall__struct.hpp
[3.577s] -- Installing: /home/sami/session7/install/interfaces/include/interfaces/interfaces/srv/detail/find_closest_wall__traits.hpp
[3.577s] -- Installing: /home/sami/session7/install/interfaces/include/interfaces/interfaces/srv/find_closest_wall.hpp
[3.577s] -- Up-to-date: /home/sami/session7/install/interfaces/include/interfaces/interfaces/action
[3.577s] -- Installing: /home/sami/session7/install/interfaces/include/interfaces/interfaces/action/lap_time.hpp
[3.577s] -- Up-to-date: /home/sami/session7/install/interfaces/include/interfaces/interfaces/action/detail
[3.577s] -- Installing: /home/sami/session7/install/interfaces/include/interfaces/interfaces/action/detail/lap_time__struct.hpp
[3.577s] -- Installing: /home/sami/session7/install/interfaces/include/interfaces/interfaces/action/detail/lap_time__builder.hpp
[3.577s] -- Installing: /home/sami/session7/install/interfaces/include/interfaces/interfaces/action/detail/lap_time__traits.hpp
[3.577s] -- Up-to-date: /home/sami/session7/install/interfaces/include/interfaces/interfaces
[3.577s] -- Up-to-date: /home/sami/session7/install/interfaces/include/interfaces/interfaces/srv
[3.577s] -- Up-to-date: /home/sami/session7/install/interfaces/include/interfaces/interfaces/srv/detail
[3.577s] -- Installing: /home/sami/session7/install/interfaces/include/interfaces/interfaces/srv/detail/dds_fastrtps
[3.577s] -- Installing: /home/sami/session7/install/interfaces/include/interfaces/interfaces/srv/detail/find_closest_wall__rosidl_typesupport_fastrtps_cpp.hpp
[3.577s] -- Up-to-date: /home/sami/session7/install/interfaces/include/interfaces/interfaces/action
[3.577s] -- Up-to-date: /home/sami/session7/install/interfaces/include/interfaces/interfaces/action/detail
[3.577s] -- Installing: /home/sami/session7/install/interfaces/include/interfaces/interfaces/action/detail/dds_fastrtps
[3.577s] -- Installing: /home/sami/session7/install/interfaces/include/interfaces/interfaces/action/detail/lap_time__rosidl_typesupport_fastrtps_cpp.hpp
[3.577s] -- Up-to-date: /home/sami/session7/install/interfaces/include/interfaces/interfaces/msg
[3.578s] -- Installing: /home/sami/session7/install/interfaces/include/interfaces/interfaces/msg/rosidl_typesupport_fastrtps_cpp__visibility_control.h
[3.578s] -- Installing: /home/sami/session7/install/interfaces/lib/libinterfaces__rosidl_typesupport_fastrtps_cpp.so
[3.578s] -- Set runtime path of "/home/sami/session7/install/interfaces/lib/libinterfaces__rosidl_typesupport_fastrtps_cpp.so" to ""
[3.578s] -- Up-to-date: /home/sami/session7/install/interfaces/include/interfaces/interfaces
[3.578s] -- Up-to-date: /home/sami/session7/install/interfaces/include/interfaces/interfaces/srv
[3.578s] -- Up-to-date: /home/sami/session7/install/interfaces/include/interfaces/interfaces/srv/detail
[3.578s] -- Installing: /home/sami/session7/install/interfaces/include/interfaces/interfaces/srv/detail/find_closest_wall__rosidl_typesupport_introspection_cpp.hpp
[3.579s] -- Installing: /home/sami/session7/install/interfaces/include/interfaces/interfaces/srv/detail/find_closest_wall__type_support.cpp
[3.579s] -- Up-to-date: /home/sami/session7/install/interfaces/include/interfaces/interfaces/action
[3.579s] -- Up-to-date: /home/sami/session7/install/interfaces/include/interfaces/interfaces/action/detail
[3.579s] -- Installing: /home/sami/session7/install/interfaces/include/interfaces/interfaces/action/detail/lap_time__rosidl_typesupport_introspection_cpp.hpp
[3.579s] -- Installing: /home/sami/session7/install/interfaces/include/interfaces/interfaces/action/detail/lap_time__type_support.cpp
[3.579s] -- Installing: /home/sami/session7/install/interfaces/lib/libinterfaces__rosidl_typesupport_introspection_cpp.so
[3.579s] -- Set runtime path of "/home/sami/session7/install/interfaces/lib/libinterfaces__rosidl_typesupport_introspection_cpp.so" to ""
[3.579s] -- Installing: /home/sami/session7/install/interfaces/lib/libinterfaces__rosidl_typesupport_cpp.so
[3.579s] -- Set runtime path of "/home/sami/session7/install/interfaces/lib/libinterfaces__rosidl_typesupport_cpp.so" to ""
[3.579s] -- Installing: /home/sami/session7/install/interfaces/share/interfaces/environment/pythonpath.sh
[3.579s] -- Installing: /home/sami/session7/install/interfaces/share/interfaces/environment/pythonpath.dsv
[3.579s] -- Installing: /home/sami/session7/install/interfaces/local/lib/python3.10/dist-packages/interfaces-0.0.0-py3.10.egg-info
[3.579s] -- Installing: /home/sami/session7/install/interfaces/local/lib/python3.10/dist-packages/interfaces-0.0.0-py3.10.egg-info/top_level.txt
[3.579s] -- Installing: /home/sami/session7/install/interfaces/local/lib/python3.10/dist-packages/interfaces-0.0.0-py3.10.egg-info/PKG-INFO
[3.579s] -- Installing: /home/sami/session7/install/interfaces/local/lib/python3.10/dist-packages/interfaces-0.0.0-py3.10.egg-info/SOURCES.txt
[3.579s] -- Installing: /home/sami/session7/install/interfaces/local/lib/python3.10/dist-packages/interfaces-0.0.0-py3.10.egg-info/dependency_links.txt
[3.579s] -- Installing: /home/sami/session7/install/interfaces/local/lib/python3.10/dist-packages/interfaces
[3.579s] -- Installing: /home/sami/session7/install/interfaces/local/lib/python3.10/dist-packages/interfaces/srv
[3.579s] -- Installing: /home/sami/session7/install/interfaces/local/lib/python3.10/dist-packages/interfaces/srv/_find_closest_wall.py
[3.579s] -- Installing: /home/sami/session7/install/interfaces/local/lib/python3.10/dist-packages/interfaces/srv/__init__.py
[3.579s] -- Installing: /home/sami/session7/install/interfaces/local/lib/python3.10/dist-packages/interfaces/srv/_find_closest_wall_s.c
[3.580s] -- Installing: /home/sami/session7/install/interfaces/local/lib/python3.10/dist-packages/interfaces/interfaces_s__rosidl_typesupport_fastrtps_c.cpython-310-x86_64-linux-gnu.so
[3.580s] -- Installing: /home/sami/session7/install/interfaces/local/lib/python3.10/dist-packages/interfaces/interfaces_s__rosidl_typesupport_c.cpython-310-x86_64-linux-gnu.so
[3.580s] -- Installing: /home/sami/session7/install/interfaces/local/lib/python3.10/dist-packages/interfaces/_interfaces_s.ep.rosidl_typesupport_c.c
[3.580s] -- Installing: /home/sami/session7/install/interfaces/local/lib/python3.10/dist-packages/interfaces/action
[3.580s] -- Installing: /home/sami/session7/install/interfaces/local/lib/python3.10/dist-packages/interfaces/action/_lap_time_s.c
[3.580s] -- Installing: /home/sami/session7/install/interfaces/local/lib/python3.10/dist-packages/interfaces/action/_lap_time.py
[3.580s] -- Installing: /home/sami/session7/install/interfaces/local/lib/python3.10/dist-packages/interfaces/action/__init__.py
[3.580s] -- Installing: /home/sami/session7/install/interfaces/local/lib/python3.10/dist-packages/interfaces/_interfaces_s.ep.rosidl_typesupport_fastrtps_c.c
[3.580s] -- Installing: /home/sami/session7/install/interfaces/local/lib/python3.10/dist-packages/interfaces/_interfaces_s.ep.rosidl_typesupport_introspection_c.c
[3.580s] -- Installing: /home/sami/session7/install/interfaces/local/lib/python3.10/dist-packages/interfaces/interfaces_s__rosidl_typesupport_introspection_c.cpython-310-x86_64-linux-gnu.so
[3.580s] -- Installing: /home/sami/session7/install/interfaces/local/lib/python3.10/dist-packages/interfaces/__init__.py
[3.580s] -- Installing: /home/sami/session7/install/interfaces/local/lib/python3.10/dist-packages/interfaces/libinterfaces__rosidl_generator_py.so
[3.605s] Listing '/home/sami/session7/install/interfaces/local/lib/python3.10/dist-packages/interfaces'...
[3.605s] Compiling '/home/sami/session7/install/interfaces/local/lib/python3.10/dist-packages/interfaces/__init__.py'...
[3.605s] Listing '/home/sami/session7/install/interfaces/local/lib/python3.10/dist-packages/interfaces/action'...
[3.605s] Compiling '/home/sami/session7/install/interfaces/local/lib/python3.10/dist-packages/interfaces/action/__init__.py'...
[3.605s] Compiling '/home/sami/session7/install/interfaces/local/lib/python3.10/dist-packages/interfaces/action/_lap_time.py'...
[3.605s] Listing '/home/sami/session7/install/interfaces/local/lib/python3.10/dist-packages/interfaces/srv'...
[3.605s] Compiling '/home/sami/session7/install/interfaces/local/lib/python3.10/dist-packages/interfaces/srv/__init__.py'...
[3.606s] Compiling '/home/sami/session7/install/interfaces/local/lib/python3.10/dist-packages/interfaces/srv/_find_closest_wall.py'...
[3.608s] -- Installing: /home/sami/session7/install/interfaces/local/lib/python3.10/dist-packages/interfaces/interfaces_s__rosidl_typesupport_fastrtps_c.cpython-310-x86_64-linux-gnu.so
[3.608s] -- Set runtime path of "/home/sami/session7/install/interfaces/local/lib/python3.10/dist-packages/interfaces/interfaces_s__rosidl_typesupport_fastrtps_c.cpython-310-x86_64-linux-gnu.so" to ""
[3.608s] -- Installing: /home/sami/session7/install/interfaces/local/lib/python3.10/dist-packages/interfaces/interfaces_s__rosidl_typesupport_introspection_c.cpython-310-x86_64-linux-gnu.so
[3.608s] -- Set runtime path of "/home/sami/session7/install/interfaces/local/lib/python3.10/dist-packages/interfaces/interfaces_s__rosidl_typesupport_introspection_c.cpython-310-x86_64-linux-gnu.so" to ""
[3.608s] -- Installing: /home/sami/session7/install/interfaces/local/lib/python3.10/dist-packages/interfaces/interfaces_s__rosidl_typesupport_c.cpython-310-x86_64-linux-gnu.so
[3.609s] -- Set runtime path of "/home/sami/session7/install/interfaces/local/lib/python3.10/dist-packages/interfaces/interfaces_s__rosidl_typesupport_c.cpython-310-x86_64-linux-gnu.so" to ""
[3.609s] -- Installing: /home/sami/session7/install/interfaces/lib/libinterfaces__rosidl_generator_py.so
[3.609s] -- Set runtime path of "/home/sami/session7/install/interfaces/lib/libinterfaces__rosidl_generator_py.so" to ""
[3.609s] -- Installing: /home/sami/session7/install/interfaces/share/interfaces/action/LapTime.idl
[3.609s] -- Installing: /home/sami/session7/install/interfaces/share/interfaces/srv/FindClosestWall.idl
[3.609s] -- Installing: /home/sami/session7/install/interfaces/share/interfaces/action/LapTime.action
[3.609s] -- Installing: /home/sami/session7/install/interfaces/share/interfaces/srv/FindClosestWall.srv
[3.609s] -- Installing: /home/sami/session7/install/interfaces/share/interfaces/srv/FindClosestWall_Request.msg
[3.609s] -- Installing: /home/sami/session7/install/interfaces/share/interfaces/srv/FindClosestWall_Response.msg
[3.609s] -- Installing: /home/sami/session7/install/interfaces/share/ament_index/resource_index/package_run_dependencies/interfaces
[3.609s] -- Installing: /home/sami/session7/install/interfaces/share/ament_index/resource_index/parent_prefix_path/interfaces
[3.610s] -- Installing: /home/sami/session7/install/interfaces/share/interfaces/environment/ament_prefix_path.sh
[3.610s] -- Installing: /home/sami/session7/install/interfaces/share/interfaces/environment/ament_prefix_path.dsv
[3.610s] -- Installing: /home/sami/session7/install/interfaces/share/interfaces/environment/path.sh
[3.610s] -- Installing: /home/sami/session7/install/interfaces/share/interfaces/environment/path.dsv
[3.610s] -- Installing: /home/sami/session7/install/interfaces/share/interfaces/local_setup.bash
[3.610s] -- Installing: /home/sami/session7/install/interfaces/share/interfaces/local_setup.sh
[3.610s] -- Installing: /home/sami/session7/install/interfaces/share/interfaces/local_setup.zsh
[3.610s] -- Installing: /home/sami/session7/install/interfaces/share/interfaces/local_setup.dsv
[3.610s] -- Installing: /home/sami/session7/install/interfaces/share/interfaces/package.dsv
[3.610s] -- Installing: /home/sami/session7/install/interfaces/share/ament_index/resource_index/packages/interfaces
[3.610s] -- Installing: /home/sami/session7/install/interfaces/share/interfaces/cmake/export_interfaces__rosidl_generator_cExport.cmake
[3.610s] -- Installing: /home/sami/session7/install/interfaces/share/interfaces/cmake/export_interfaces__rosidl_generator_cExport-noconfig.cmake
[3.610s] -- Installing: /home/sami/session7/install/interfaces/share/interfaces/cmake/export_interfaces__rosidl_typesupport_fastrtps_cExport.cmake
[3.611s] -- Installing: /home/sami/session7/install/interfaces/share/interfaces/cmake/export_interfaces__rosidl_typesupport_fastrtps_cExport-noconfig.cmake
[3.611s] -- Installing: /home/sami/session7/install/interfaces/share/interfaces/cmake/interfaces__rosidl_typesupport_introspection_cExport.cmake
[3.611s] -- Installing: /home/sami/session7/install/interfaces/share/interfaces/cmake/interfaces__rosidl_typesupport_introspection_cExport-noconfig.cmake
[3.611s] -- Installing: /home/sami/session7/install/interfaces/share/interfaces/cmake/interfaces__rosidl_typesupport_cExport.cmake
[3.611s] -- Installing: /home/sami/session7/install/interfaces/share/interfaces/cmake/interfaces__rosidl_typesupport_cExport-noconfig.cmake
[3.611s] -- Installing: /home/sami/session7/install/interfaces/share/interfaces/cmake/export_interfaces__rosidl_generator_cppExport.cmake
[3.611s] -- Installing: /home/sami/session7/install/interfaces/share/interfaces/cmake/export_interfaces__rosidl_typesupport_fastrtps_cppExport.cmake
[3.611s] -- Installing: /home/sami/session7/install/interfaces/share/interfaces/cmake/export_interfaces__rosidl_typesupport_fastrtps_cppExport-noconfig.cmake
[3.611s] -- Installing: /home/sami/session7/install/interfaces/share/interfaces/cmake/interfaces__rosidl_typesupport_introspection_cppExport.cmake
[3.611s] -- Installing: /home/sami/session7/install/interfaces/share/interfaces/cmake/interfaces__rosidl_typesupport_introspection_cppExport-noconfig.cmake
[3.611s] -- Installing: /home/sami/session7/install/interfaces/share/interfaces/cmake/interfaces__rosidl_typesupport_cppExport.cmake
[3.611s] -- Installing: /home/sami/session7/install/interfaces/share/interfaces/cmake/interfaces__rosidl_typesupport_cppExport-noconfig.cmake
[3.611s] -- Installing: /home/sami/session7/install/interfaces/share/interfaces/cmake/export_interfaces__rosidl_generator_pyExport.cmake
[3.612s] -- Installing: /home/sami/session7/install/interfaces/share/interfaces/cmake/export_interfaces__rosidl_generator_pyExport-noconfig.cmake
[3.612s] -- Installing: /home/sami/session7/install/interfaces/share/interfaces/cmake/rosidl_cmake-extras.cmake
[3.612s] -- Installing: /home/sami/session7/install/interfaces/share/interfaces/cmake/ament_cmake_export_dependencies-extras.cmake
[3.612s] -- Installing: /home/sami/session7/install/interfaces/share/interfaces/cmake/ament_cmake_export_include_directories-extras.cmake
[3.612s] -- Installing: /home/sami/session7/install/interfaces/share/interfaces/cmake/ament_cmake_export_libraries-extras.cmake
[3.612s] -- Installing: /home/sami/session7/install/interfaces/share/interfaces/cmake/ament_cmake_export_targets-extras.cmake
[3.612s] -- Installing: /home/sami/session7/install/interfaces/share/interfaces/cmake/rosidl_cmake_export_typesupport_targets-extras.cmake
[3.612s] -- Installing: /home/sami/session7/install/interfaces/share/interfaces/cmake/rosidl_cmake_export_typesupport_libraries-extras.cmake
[3.612s] -- Installing: /home/sami/session7/install/interfaces/share/interfaces/cmake/interfacesConfig.cmake
[3.612s] -- Installing: /home/sami/session7/install/interfaces/share/interfaces/cmake/interfacesConfig-version.cmake
[3.612s] -- Installing: /home/sami/session7/install/interfaces/share/interfaces/package.xml
[3.614s] Invoked command in '/home/sami/session7/build/interfaces' returned '0': CMAKE_PREFIX_PATH=${CMAKE_PREFIX_PATH}:/home/sami/session7-ros2/install/walldetector:/opt/ros/humble /usr/bin/cmake --install /home/sami/session7/build/interfaces
