/home/sami/session7/ros2-assignment7/install/walldetector/lib/python3.10/site-packages/walldetector/follower.py
/home/sami/session7/ros2-assignment7/install/walldetector/lib/python3.10/site-packages/walldetector/finder.py
/home/sami/session7/ros2-assignment7/install/walldetector/lib/python3.10/site-packages/walldetector/__init__.py
/home/sami/session7/ros2-assignment7/install/walldetector/lib/python3.10/site-packages/walldetector/laptime_server.py
/home/sami/session7/ros2-assignment7/install/walldetector/lib/python3.10/site-packages/walldetector/laptime_client.py
/home/sami/session7/ros2-assignment7/install/walldetector/lib/python3.10/site-packages/walldetector/__pycache__/follower.cpython-310.pyc
/home/sami/session7/ros2-assignment7/install/walldetector/lib/python3.10/site-packages/walldetector/__pycache__/finder.cpython-310.pyc
/home/sami/session7/ros2-assignment7/install/walldetector/lib/python3.10/site-packages/walldetector/__pycache__/__init__.cpython-310.pyc
/home/sami/session7/ros2-assignment7/install/walldetector/lib/python3.10/site-packages/walldetector/__pycache__/laptime_server.cpython-310.pyc
/home/sami/session7/ros2-assignment7/install/walldetector/lib/python3.10/site-packages/walldetector/__pycache__/laptime_client.cpython-310.pyc
/home/sami/session7/ros2-assignment7/install/walldetector/share/ament_index/resource_index/packages/walldetector
/home/sami/session7/ros2-assignment7/install/walldetector/share/walldetector/package.xml
/home/sami/session7/ros2-assignment7/install/walldetector/lib/python3.10/site-packages/walldetector-0.0.0-py3.10.egg-info/top_level.txt
/home/sami/session7/ros2-assignment7/install/walldetector/lib/python3.10/site-packages/walldetector-0.0.0-py3.10.egg-info/requires.txt
/home/sami/session7/ros2-assignment7/install/walldetector/lib/python3.10/site-packages/walldetector-0.0.0-py3.10.egg-info/PKG-INFO
/home/sami/session7/ros2-assignment7/install/walldetector/lib/python3.10/site-packages/walldetector-0.0.0-py3.10.egg-info/SOURCES.txt
/home/sami/session7/ros2-assignment7/install/walldetector/lib/python3.10/site-packages/walldetector-0.0.0-py3.10.egg-info/dependency_links.txt
/home/sami/session7/ros2-assignment7/install/walldetector/lib/python3.10/site-packages/walldetector-0.0.0-py3.10.egg-info/entry_points.txt
/home/sami/session7/ros2-assignment7/install/walldetector/lib/python3.10/site-packages/walldetector-0.0.0-py3.10.egg-info/zip-safe
/home/sami/session7/ros2-assignment7/install/walldetector/lib/walldetector/finder
/home/sami/session7/ros2-assignment7/install/walldetector/lib/walldetector/follower
/home/sami/session7/ros2-assignment7/install/walldetector/lib/walldetector/laptime_client
/home/sami/session7/ros2-assignment7/install/walldetector/lib/walldetector/laptime_server
