[0.600s] Invoking command in '/home/sami/session7/ros2-assignment7/src/walldetector': PYTHONPATH=/home/sami/session7/ros2-assignment7/build/walldetector/prefix_override:/usr/lib/python3/dist-packages/colcon_core/task/python/colcon_distutils_commands:/home/sami/session7/ros2-assignment7/install/walldetector/lib/python3.10/site-packages:${PYTHONPATH} /usr/bin/python3 -W ignore:setup.py install is deprecated setup.py egg_info --egg-base ../../build/walldetector build --build-base /home/sami/session7/ros2-assignment7/build/walldetector/build install --record /home/sami/session7/ros2-assignment7/build/walldetector/install.log --single-version-externally-managed install_data
[0.801s] running egg_info
[0.801s] writing ../../build/walldetector/walldetector.egg-info/PKG-INFO
[0.801s] writing dependency_links to ../../build/walldetector/walldetector.egg-info/dependency_links.txt
[0.802s] writing entry points to ../../build/walldetector/walldetector.egg-info/entry_points.txt
[0.802s] writing requirements to ../../build/walldetector/walldetector.egg-info/requires.txt
[0.802s] writing top-level names to ../../build/walldetector/walldetector.egg-info/top_level.txt
[0.804s] reading manifest file '../../build/walldetector/walldetector.egg-info/SOURCES.txt'
[0.805s] writing manifest file '../../build/walldetector/walldetector.egg-info/SOURCES.txt'
[0.805s] running build
[0.805s] running build_py
[0.805s] copying walldetector/follower.py -> /home/sami/session7/ros2-assignment7/build/walldetector/build/lib/walldetector
[0.805s] copying walldetector/finder.py -> /home/sami/session7/ros2-assignment7/build/walldetector/build/lib/walldetector
[0.806s] running install
[0.806s] running install_lib
[0.807s] copying /home/sami/session7/ros2-assignment7/build/walldetector/build/lib/walldetector/follower.py -> /home/sami/session7/ros2-assignment7/install/walldetector/lib/python3.10/site-packages/walldetector
[0.807s] copying /home/sami/session7/ros2-assignment7/build/walldetector/build/lib/walldetector/finder.py -> /home/sami/session7/ros2-assignment7/install/walldetector/lib/python3.10/site-packages/walldetector
[0.808s] byte-compiling /home/sami/session7/ros2-assignment7/install/walldetector/lib/python3.10/site-packages/walldetector/follower.py to follower.cpython-310.pyc
[0.809s] byte-compiling /home/sami/session7/ros2-assignment7/install/walldetector/lib/python3.10/site-packages/walldetector/finder.py to finder.cpython-310.pyc
[0.810s] running install_data
[0.810s] running install_egg_info
[0.812s] removing '/home/sami/session7/ros2-assignment7/install/walldetector/lib/python3.10/site-packages/walldetector-0.0.0-py3.10.egg-info' (and everything under it)
[0.812s] Copying ../../build/walldetector/walldetector.egg-info to /home/sami/session7/ros2-assignment7/install/walldetector/lib/python3.10/site-packages/walldetector-0.0.0-py3.10.egg-info
[0.813s] running install_scripts
[0.834s] Installing finder script to /home/sami/session7/ros2-assignment7/install/walldetector/lib/walldetector
[0.834s] Installing follower script to /home/sami/session7/ros2-assignment7/install/walldetector/lib/walldetector
[0.834s] Installing laptime_client script to /home/sami/session7/ros2-assignment7/install/walldetector/lib/walldetector
[0.834s] Installing laptime_server script to /home/sami/session7/ros2-assignment7/install/walldetector/lib/walldetector
[0.834s] writing list of installed files to '/home/sami/session7/ros2-assignment7/build/walldetector/install.log'
[0.864s] Invoked command in '/home/sami/session7/ros2-assignment7/src/walldetector' returned '0': PYTHONPATH=/home/sami/session7/ros2-assignment7/build/walldetector/prefix_override:/usr/lib/python3/dist-packages/colcon_core/task/python/colcon_distutils_commands:/home/sami/session7/ros2-assignment7/install/walldetector/lib/python3.10/site-packages:${PYTHONPATH} /usr/bin/python3 -W ignore:setup.py install is deprecated setup.py egg_info --egg-base ../../build/walldetector build --build-base /home/sami/session7/ros2-assignment7/build/walldetector/build install --record /home/sami/session7/ros2-assignment7/build/walldetector/install.log --single-version-externally-managed install_data
