[0.009s] Invoking command in '/home/sami/session7/ros2-assignment7/build/interfaces': CMAKE_PREFIX_PATH=/opt/ros/humble /usr/bin/cmake /home/sami/session7/ros2-assignment7/src/interfaces -DCMAKE_INSTALL_PREFIX=/home/sami/session7/ros2-assignment7/install/interfaces
[0.046s] -- The C compiler identification is GNU 11.4.0
[0.084s] -- The CXX compiler identification is GNU 11.4.0
[0.089s] -- Detecting C compiler ABI info
[0.135s] -- Detecting C compiler ABI info - done
[0.140s] -- Check for working C compiler: /usr/bin/cc - skipped
[0.141s] -- Detecting C compile features
[0.141s] -- Detecting C compile features - done
[0.143s] -- Detecting CXX compiler ABI info
[0.199s] -- Detecting CXX compiler ABI info - done
[0.205s] -- Check for working CXX compiler: /usr/bin/c++ - skipped
[0.205s] -- Detecting CXX compile features
[0.205s] -- Detecting CXX compile features - done
[0.207s] -- Found ament_cmake: 1.3.9 (/opt/ros/humble/share/ament_cmake/cmake)
[0.312s] -- Found Python3: /usr/bin/python3 (found version "3.10.12") found components: Interpreter 
[0.372s] -- Found rosidl_default_generators: 1.2.0 (/opt/ros/humble/share/rosidl_default_generators/cmake)
[0.374s] -- Using all available rosidl_typesupport_c: rosidl_typesupport_fastrtps_c;rosidl_typesupport_introspection_c
[0.379s] -- Found rosidl_adapter: 3.1.5 (/opt/ros/humble/share/rosidl_adapter/cmake)
[0.409s] -- Using all available rosidl_typesupport_cpp: rosidl_typesupport_fastrtps_cpp;rosidl_typesupport_introspection_cpp
[0.680s] -- Found ament_cmake_ros: 0.10.0 (/opt/ros/humble/share/ament_cmake_ros/cmake)
[0.810s] -- Using all available rosidl_typesupport_c: rosidl_typesupport_fastrtps_c;rosidl_typesupport_introspection_c
[0.979s] -- Using all available rosidl_typesupport_cpp: rosidl_typesupport_fastrtps_cpp;rosidl_typesupport_introspection_cpp
[0.994s] -- Found PythonInterp: /usr/bin/python3 (found suitable version "3.10.12", minimum required is "3.6") 
[0.995s] -- Found python_cmake_module: 0.10.0 (/opt/ros/humble/share/python_cmake_module/cmake)
[1.013s] -- Found PythonLibs: /usr/lib/x86_64-linux-gnu/libpython3.10.so (found suitable version "3.10.12", minimum required is "3.5") 
[1.013s] -- Using PYTHON_EXECUTABLE: /usr/bin/python3
[1.013s] -- Using PYTHON_INCLUDE_DIRS: /usr/include/python3.10
[1.013s] -- Using PYTHON_LIBRARIES: /usr/lib/x86_64-linux-gnu/libpython3.10.so
[1.027s] -- Found PythonExtra: .so  
[1.054s] -- Found ament_lint_auto: 0.12.11 (/opt/ros/humble/share/ament_lint_auto/cmake)
[1.065s] -- Added test 'lint_cmake' to check CMake code style
[1.066s] -- Added test 'xmllint' to check XML markup files
[1.068s] -- Configuring done
[1.087s] -- Generating done
[1.089s] -- Build files have been written to: /home/sami/session7/ros2-assignment7/build/interfaces
[1.094s] Invoked command in '/home/sami/session7/ros2-assignment7/build/interfaces' returned '0': CMAKE_PREFIX_PATH=/opt/ros/humble /usr/bin/cmake /home/sami/session7/ros2-assignment7/src/interfaces -DCMAKE_INSTALL_PREFIX=/home/sami/session7/ros2-assignment7/install/interfaces
[1.096s] Invoking command in '/home/sami/session7/ros2-assignment7/build/interfaces': CMAKE_PREFIX_PATH=/opt/ros/humble /usr/bin/cmake --build /home/sami/session7/ros2-assignment7/build/interfaces -- -j8 -l8
[1.122s] [  2%] [34m[1mGenerating C code for ROS interfaces[0m
[1.130s] [  5%] [34m[1mGenerating C++ code for ROS interfaces[0m
[1.137s] [  5%] Built target ament_cmake_python_copy_interfaces
[1.310s] running egg_info
[1.311s] creating interfaces.egg-info
[1.311s] writing interfaces.egg-info/PKG-INFO
[1.311s] writing dependency_links to interfaces.egg-info/dependency_links.txt
[1.311s] writing top-level names to interfaces.egg-info/top_level.txt
[1.311s] writing manifest file 'interfaces.egg-info/SOURCES.txt'
[1.313s] reading manifest file 'interfaces.egg-info/SOURCES.txt'
[1.313s] writing manifest file 'interfaces.egg-info/SOURCES.txt'
[1.333s] [  5%] Built target ament_cmake_python_build_interfaces_egg
[1.506s] [  7%] [32mBuilding C object CMakeFiles/interfaces__rosidl_generator_c.dir/rosidl_generator_c/interfaces/action/detail/lap_time__functions.c.o[0m
[1.506s] [ 10%] [32mBuilding C object CMakeFiles/interfaces__rosidl_generator_c.dir/rosidl_generator_c/interfaces/srv/detail/find_closest_wall__functions.c.o[0m
[1.518s] [ 10%] Built target interfaces__cpp
[1.526s] [ 12%] [34m[1mGenerating C++ introspection for ROS interfaces[0m
[1.526s] [ 15%] [34m[1mGenerating C++ type support dispatch for ROS interfaces[0m
[1.528s] [ 17%] [34m[1mGenerating C++ type support for eProsima Fast-RTPS[0m
[1.608s] [ 20%] [32m[1mLinking C shared library libinterfaces__rosidl_generator_c.so[0m
[1.635s] [ 20%] Built target interfaces__rosidl_generator_c
[1.643s] [ 23%] [34m[1mGenerating C introspection for ROS interfaces[0m
[1.644s] [ 28%] [34m[1mGenerating C type support for eProsima Fast-RTPS[0m
[1.645s] [ 28%] [34m[1mGenerating C type support dispatch for ROS interfaces[0m
[1.811s] [ 33%] [32mBuilding CXX object CMakeFiles/interfaces__rosidl_typesupport_cpp.dir/rosidl_typesupport_cpp/interfaces/srv/find_closest_wall__type_support.cpp.o[0m
[1.811s] [ 33%] [32mBuilding CXX object CMakeFiles/interfaces__rosidl_typesupport_cpp.dir/rosidl_typesupport_cpp/interfaces/action/lap_time__type_support.cpp.o[0m
[1.970s] [ 35%] [32mBuilding CXX object CMakeFiles/interfaces__rosidl_typesupport_introspection_cpp.dir/rosidl_typesupport_introspection_cpp/interfaces/srv/detail/find_closest_wall__type_support.cpp.o[0m
[1.971s] [ 38%] [32mBuilding CXX object CMakeFiles/interfaces__rosidl_typesupport_introspection_cpp.dir/rosidl_typesupport_introspection_cpp/interfaces/action/detail/lap_time__type_support.cpp.o[0m
[1.995s] [ 41%] [32mBuilding CXX object CMakeFiles/interfaces__rosidl_typesupport_fastrtps_cpp.dir/rosidl_typesupport_fastrtps_cpp/interfaces/action/detail/dds_fastrtps/lap_time__type_support.cpp.o[0m
[2.110s] [ 43%] [32mBuilding CXX object CMakeFiles/interfaces__rosidl_typesupport_fastrtps_cpp.dir/rosidl_typesupport_fastrtps_cpp/interfaces/srv/detail/dds_fastrtps/find_closest_wall__type_support.cpp.o[0m
[2.131s] [ 46%] [32mBuilding CXX object CMakeFiles/interfaces__rosidl_typesupport_c.dir/rosidl_typesupport_c/interfaces/action/lap_time__type_support.cpp.o[0m
[2.199s] [ 48%] [32mBuilding CXX object CMakeFiles/interfaces__rosidl_typesupport_c.dir/rosidl_typesupport_c/interfaces/srv/find_closest_wall__type_support.cpp.o[0m
[2.245s] [ 51%] [32m[1mLinking CXX shared library libinterfaces__rosidl_typesupport_c.so[0m
[2.281s] [ 53%] [32mBuilding C object CMakeFiles/interfaces__rosidl_typesupport_introspection_c.dir/rosidl_typesupport_introspection_c/interfaces/action/detail/lap_time__type_support.c.o[0m
[2.293s] [ 53%] Built target interfaces__rosidl_typesupport_c
[2.303s] [ 56%] [32mBuilding C object CMakeFiles/interfaces__rosidl_typesupport_introspection_c.dir/rosidl_typesupport_introspection_c/interfaces/srv/detail/find_closest_wall__type_support.c.o[0m
[2.348s] [ 58%] [32m[1mLinking C shared library libinterfaces__rosidl_typesupport_introspection_c.so[0m
[2.351s] [ 61%] [32m[1mLinking CXX shared library libinterfaces__rosidl_typesupport_cpp.so[0m
[2.394s] [ 61%] Built target interfaces__rosidl_typesupport_introspection_c
[2.415s] [ 61%] Built target interfaces__rosidl_typesupport_cpp
[2.424s] [ 64%] [32mBuilding CXX object CMakeFiles/interfaces__rosidl_typesupport_fastrtps_c.dir/rosidl_typesupport_fastrtps_c/interfaces/action/detail/lap_time__type_support_c.cpp.o[0m
[2.426s] [ 66%] [32mBuilding CXX object CMakeFiles/interfaces__rosidl_typesupport_fastrtps_c.dir/rosidl_typesupport_fastrtps_c/interfaces/srv/detail/find_closest_wall__type_support_c.cpp.o[0m
[2.566s] [ 69%] [32m[1mLinking CXX shared library libinterfaces__rosidl_typesupport_introspection_cpp.so[0m
[2.593s] [ 71%] [32m[1mLinking CXX shared library libinterfaces__rosidl_typesupport_fastrtps_cpp.so[0m
[2.636s] [ 71%] Built target interfaces__rosidl_typesupport_introspection_cpp
[2.664s] [ 71%] Built target interfaces__rosidl_typesupport_fastrtps_cpp
[2.790s] [ 74%] [32m[1mLinking CXX shared library libinterfaces__rosidl_typesupport_fastrtps_c.so[0m
[2.843s] [ 74%] Built target interfaces__rosidl_typesupport_fastrtps_c
[2.857s] [ 74%] Built target interfaces
[2.873s] [ 76%] [34m[1mGenerating Python code for ROS interfaces[0m
[3.479s] [ 76%] Built target interfaces__py
[3.493s] [ 82%] [32mBuilding C object CMakeFiles/interfaces__rosidl_generator_py.dir/rosidl_generator_py/interfaces/action/_lap_time_s.c.o[0m
[3.493s] [ 82%] [32mBuilding C object CMakeFiles/interfaces__rosidl_generator_py.dir/rosidl_generator_py/interfaces/srv/_find_closest_wall_s.c.o[0m
[3.586s] [ 84%] [32m[1mLinking C shared library rosidl_generator_py/interfaces/libinterfaces__rosidl_generator_py.so[0m
[3.614s] [ 84%] Built target interfaces__rosidl_generator_py
[3.629s] [ 92%] [32mBuilding C object CMakeFiles/interfaces__rosidl_typesupport_introspection_c__pyext.dir/rosidl_generator_py/interfaces/_interfaces_s.ep.rosidl_typesupport_introspection_c.c.o[0m
[3.629s] [ 92%] [32mBuilding C object CMakeFiles/interfaces__rosidl_typesupport_fastrtps_c__pyext.dir/rosidl_generator_py/interfaces/_interfaces_s.ep.rosidl_typesupport_fastrtps_c.c.o[0m
[3.629s] [ 92%] [32mBuilding C object CMakeFiles/interfaces__rosidl_typesupport_c__pyext.dir/rosidl_generator_py/interfaces/_interfaces_s.ep.rosidl_typesupport_c.c.o[0m
[3.715s] [ 97%] [32m[1mLinking C shared library rosidl_generator_py/interfaces/interfaces_s__rosidl_typesupport_fastrtps_c.cpython-310-x86_64-linux-gnu.so[0m
[3.716s] [ 97%] [32m[1mLinking C shared library rosidl_generator_py/interfaces/interfaces_s__rosidl_typesupport_c.cpython-310-x86_64-linux-gnu.so[0m
[3.717s] [100%] [32m[1mLinking C shared library rosidl_generator_py/interfaces/interfaces_s__rosidl_typesupport_introspection_c.cpython-310-x86_64-linux-gnu.so[0m
[3.745s] [100%] Built target interfaces__rosidl_typesupport_fastrtps_c__pyext
[3.746s] [100%] Built target interfaces__rosidl_typesupport_introspection_c__pyext
[3.746s] [100%] Built target interfaces__rosidl_typesupport_c__pyext
[3.754s] Invoked command in '/home/sami/session7/ros2-assignment7/build/interfaces' returned '0': CMAKE_PREFIX_PATH=/opt/ros/humble /usr/bin/cmake --build /home/sami/session7/ros2-assignment7/build/interfaces -- -j8 -l8
[3.806s] Invoking command in '/home/sami/session7/ros2-assignment7/build/interfaces': CMAKE_PREFIX_PATH=/opt/ros/humble /usr/bin/cmake --install /home/sami/session7/ros2-assignment7/build/interfaces
[3.811s] -- Install configuration: ""
[3.811s] -- Installing: /home/sami/session7/ros2-assignment7/install/interfaces/share/ament_index/resource_index/rosidl_interfaces/interfaces
[3.811s] -- Installing: /home/sami/session7/ros2-assignment7/install/interfaces/include/interfaces/interfaces
[3.811s] -- Installing: /home/sami/session7/ros2-assignment7/install/interfaces/include/interfaces/interfaces/srv
[3.811s] -- Installing: /home/sami/session7/ros2-assignment7/install/interfaces/include/interfaces/interfaces/srv/detail
[3.811s] -- Installing: /home/sami/session7/ros2-assignment7/install/interfaces/include/interfaces/interfaces/srv/detail/find_closest_wall__type_support.h
[3.811s] -- Installing: /home/sami/session7/ros2-assignment7/install/interfaces/include/interfaces/interfaces/srv/detail/find_closest_wall__functions.c
[3.811s] -- Installing: /home/sami/session7/ros2-assignment7/install/interfaces/include/interfaces/interfaces/srv/detail/find_closest_wall__struct.h
[3.812s] -- Installing: /home/sami/session7/ros2-assignment7/install/interfaces/include/interfaces/interfaces/srv/detail/find_closest_wall__functions.h
[3.812s] -- Installing: /home/sami/session7/ros2-assignment7/install/interfaces/include/interfaces/interfaces/srv/find_closest_wall.h
[3.812s] -- Installing: /home/sami/session7/ros2-assignment7/install/interfaces/include/interfaces/interfaces/action
[3.812s] -- Installing: /home/sami/session7/ros2-assignment7/install/interfaces/include/interfaces/interfaces/action/lap_time.h
[3.812s] -- Installing: /home/sami/session7/ros2-assignment7/install/interfaces/include/interfaces/interfaces/action/detail
[3.812s] -- Installing: /home/sami/session7/ros2-assignment7/install/interfaces/include/interfaces/interfaces/action/detail/lap_time__struct.h
[3.812s] -- Installing: /home/sami/session7/ros2-assignment7/install/interfaces/include/interfaces/interfaces/action/detail/lap_time__functions.c
[3.812s] -- Installing: /home/sami/session7/ros2-assignment7/install/interfaces/include/interfaces/interfaces/action/detail/lap_time__functions.h
[3.812s] -- Installing: /home/sami/session7/ros2-assignment7/install/interfaces/include/interfaces/interfaces/action/detail/lap_time__type_support.h
[3.812s] -- Installing: /home/sami/session7/ros2-assignment7/install/interfaces/include/interfaces/interfaces/msg
[3.812s] -- Installing: /home/sami/session7/ros2-assignment7/install/interfaces/include/interfaces/interfaces/msg/rosidl_generator_c__visibility_control.h
[3.812s] -- Installing: /home/sami/session7/ros2-assignment7/install/interfaces/share/interfaces/environment/library_path.sh
[3.812s] -- Installing: /home/sami/session7/ros2-assignment7/install/interfaces/share/interfaces/environment/library_path.dsv
[3.812s] -- Installing: /home/sami/session7/ros2-assignment7/install/interfaces/lib/libinterfaces__rosidl_generator_c.so
[3.813s] -- Set runtime path of "/home/sami/session7/ros2-assignment7/install/interfaces/lib/libinterfaces__rosidl_generator_c.so" to ""
[3.813s] -- Up-to-date: /home/sami/session7/ros2-assignment7/install/interfaces/include/interfaces/interfaces
[3.813s] -- Up-to-date: /home/sami/session7/ros2-assignment7/install/interfaces/include/interfaces/interfaces/srv
[3.813s] -- Up-to-date: /home/sami/session7/ros2-assignment7/install/interfaces/include/interfaces/interfaces/srv/detail
[3.813s] -- Installing: /home/sami/session7/ros2-assignment7/install/interfaces/include/interfaces/interfaces/srv/detail/find_closest_wall__rosidl_typesupport_fastrtps_c.h
[3.813s] -- Up-to-date: /home/sami/session7/ros2-assignment7/install/interfaces/include/interfaces/interfaces/action
[3.813s] -- Up-to-date: /home/sami/session7/ros2-assignment7/install/interfaces/include/interfaces/interfaces/action/detail
[3.813s] -- Installing: /home/sami/session7/ros2-assignment7/install/interfaces/include/interfaces/interfaces/action/detail/lap_time__rosidl_typesupport_fastrtps_c.h
[3.813s] -- Up-to-date: /home/sami/session7/ros2-assignment7/install/interfaces/include/interfaces/interfaces/msg
[3.813s] -- Installing: /home/sami/session7/ros2-assignment7/install/interfaces/include/interfaces/interfaces/msg/rosidl_typesupport_fastrtps_c__visibility_control.h
[3.813s] -- Installing: /home/sami/session7/ros2-assignment7/install/interfaces/lib/libinterfaces__rosidl_typesupport_fastrtps_c.so
[3.813s] -- Set runtime path of "/home/sami/session7/ros2-assignment7/install/interfaces/lib/libinterfaces__rosidl_typesupport_fastrtps_c.so" to ""
[3.813s] -- Up-to-date: /home/sami/session7/ros2-assignment7/install/interfaces/include/interfaces/interfaces
[3.813s] -- Up-to-date: /home/sami/session7/ros2-assignment7/install/interfaces/include/interfaces/interfaces/srv
[3.813s] -- Up-to-date: /home/sami/session7/ros2-assignment7/install/interfaces/include/interfaces/interfaces/srv/detail
[3.813s] -- Installing: /home/sami/session7/ros2-assignment7/install/interfaces/include/interfaces/interfaces/srv/detail/find_closest_wall__rosidl_typesupport_introspection_c.h
[3.813s] -- Installing: /home/sami/session7/ros2-assignment7/install/interfaces/include/interfaces/interfaces/srv/detail/find_closest_wall__type_support.c
[3.814s] -- Up-to-date: /home/sami/session7/ros2-assignment7/install/interfaces/include/interfaces/interfaces/action
[3.814s] -- Up-to-date: /home/sami/session7/ros2-assignment7/install/interfaces/include/interfaces/interfaces/action/detail
[3.814s] -- Installing: /home/sami/session7/ros2-assignment7/install/interfaces/include/interfaces/interfaces/action/detail/lap_time__type_support.c
[3.814s] -- Installing: /home/sami/session7/ros2-assignment7/install/interfaces/include/interfaces/interfaces/action/detail/lap_time__rosidl_typesupport_introspection_c.h
[3.814s] -- Up-to-date: /home/sami/session7/ros2-assignment7/install/interfaces/include/interfaces/interfaces/msg
[3.814s] -- Installing: /home/sami/session7/ros2-assignment7/install/interfaces/include/interfaces/interfaces/msg/rosidl_typesupport_introspection_c__visibility_control.h
[3.814s] -- Installing: /home/sami/session7/ros2-assignment7/install/interfaces/lib/libinterfaces__rosidl_typesupport_introspection_c.so
[3.814s] -- Set runtime path of "/home/sami/session7/ros2-assignment7/install/interfaces/lib/libinterfaces__rosidl_typesupport_introspection_c.so" to ""
[3.814s] -- Installing: /home/sami/session7/ros2-assignment7/install/interfaces/lib/libinterfaces__rosidl_typesupport_c.so
[3.814s] -- Set runtime path of "/home/sami/session7/ros2-assignment7/install/interfaces/lib/libinterfaces__rosidl_typesupport_c.so" to ""
[3.814s] -- Up-to-date: /home/sami/session7/ros2-assignment7/install/interfaces/include/interfaces/interfaces
[3.814s] -- Up-to-date: /home/sami/session7/ros2-assignment7/install/interfaces/include/interfaces/interfaces/srv
[3.814s] -- Up-to-date: /home/sami/session7/ros2-assignment7/install/interfaces/include/interfaces/interfaces/srv/detail
[3.814s] -- Installing: /home/sami/session7/ros2-assignment7/install/interfaces/include/interfaces/interfaces/srv/detail/find_closest_wall__builder.hpp
[3.814s] -- Installing: /home/sami/session7/ros2-assignment7/install/interfaces/include/interfaces/interfaces/srv/detail/find_closest_wall__struct.hpp
[3.814s] -- Installing: /home/sami/session7/ros2-assignment7/install/interfaces/include/interfaces/interfaces/srv/detail/find_closest_wall__traits.hpp
[3.814s] -- Installing: /home/sami/session7/ros2-assignment7/install/interfaces/include/interfaces/interfaces/srv/find_closest_wall.hpp
[3.814s] -- Up-to-date: /home/sami/session7/ros2-assignment7/install/interfaces/include/interfaces/interfaces/action
[3.814s] -- Installing: /home/sami/session7/ros2-assignment7/install/interfaces/include/interfaces/interfaces/action/lap_time.hpp
[3.815s] -- Up-to-date: /home/sami/session7/ros2-assignment7/install/interfaces/include/interfaces/interfaces/action/detail
[3.815s] -- Installing: /home/sami/session7/ros2-assignment7/install/interfaces/include/interfaces/interfaces/action/detail/lap_time__struct.hpp
[3.815s] -- Installing: /home/sami/session7/ros2-assignment7/install/interfaces/include/interfaces/interfaces/action/detail/lap_time__builder.hpp
[3.815s] -- Installing: /home/sami/session7/ros2-assignment7/install/interfaces/include/interfaces/interfaces/action/detail/lap_time__traits.hpp
[3.815s] -- Up-to-date: /home/sami/session7/ros2-assignment7/install/interfaces/include/interfaces/interfaces
[3.815s] -- Up-to-date: /home/sami/session7/ros2-assignment7/install/interfaces/include/interfaces/interfaces/srv
[3.815s] -- Up-to-date: /home/sami/session7/ros2-assignment7/install/interfaces/include/interfaces/interfaces/srv/detail
[3.815s] -- Installing: /home/sami/session7/ros2-assignment7/install/interfaces/include/interfaces/interfaces/srv/detail/dds_fastrtps
[3.815s] -- Installing: /home/sami/session7/ros2-assignment7/install/interfaces/include/interfaces/interfaces/srv/detail/find_closest_wall__rosidl_typesupport_fastrtps_cpp.hpp
[3.815s] -- Up-to-date: /home/sami/session7/ros2-assignment7/install/interfaces/include/interfaces/interfaces/action
[3.815s] -- Up-to-date: /home/sami/session7/ros2-assignment7/install/interfaces/include/interfaces/interfaces/action/detail
[3.815s] -- Installing: /home/sami/session7/ros2-assignment7/install/interfaces/include/interfaces/interfaces/action/detail/dds_fastrtps
[3.815s] -- Installing: /home/sami/session7/ros2-assignment7/install/interfaces/include/interfaces/interfaces/action/detail/lap_time__rosidl_typesupport_fastrtps_cpp.hpp
[3.815s] -- Up-to-date: /home/sami/session7/ros2-assignment7/install/interfaces/include/interfaces/interfaces/msg
[3.815s] -- Installing: /home/sami/session7/ros2-assignment7/install/interfaces/include/interfaces/interfaces/msg/rosidl_typesupport_fastrtps_cpp__visibility_control.h
[3.815s] -- Installing: /home/sami/session7/ros2-assignment7/install/interfaces/lib/libinterfaces__rosidl_typesupport_fastrtps_cpp.so
[3.815s] -- Set runtime path of "/home/sami/session7/ros2-assignment7/install/interfaces/lib/libinterfaces__rosidl_typesupport_fastrtps_cpp.so" to ""
[3.815s] -- Up-to-date: /home/sami/session7/ros2-assignment7/install/interfaces/include/interfaces/interfaces
[3.815s] -- Up-to-date: /home/sami/session7/ros2-assignment7/install/interfaces/include/interfaces/interfaces/srv
[3.815s] -- Up-to-date: /home/sami/session7/ros2-assignment7/install/interfaces/include/interfaces/interfaces/srv/detail
[3.815s] -- Installing: /home/sami/session7/ros2-assignment7/install/interfaces/include/interfaces/interfaces/srv/detail/find_closest_wall__rosidl_typesupport_introspection_cpp.hpp
[3.816s] -- Installing: /home/sami/session7/ros2-assignment7/install/interfaces/include/interfaces/interfaces/srv/detail/find_closest_wall__type_support.cpp
[3.816s] -- Up-to-date: /home/sami/session7/ros2-assignment7/install/interfaces/include/interfaces/interfaces/action
[3.816s] -- Up-to-date: /home/sami/session7/ros2-assignment7/install/interfaces/include/interfaces/interfaces/action/detail
[3.816s] -- Installing: /home/sami/session7/ros2-assignment7/install/interfaces/include/interfaces/interfaces/action/detail/lap_time__rosidl_typesupport_introspection_cpp.hpp
[3.816s] -- Installing: /home/sami/session7/ros2-assignment7/install/interfaces/include/interfaces/interfaces/action/detail/lap_time__type_support.cpp
[3.816s] -- Installing: /home/sami/session7/ros2-assignment7/install/interfaces/lib/libinterfaces__rosidl_typesupport_introspection_cpp.so
[3.816s] -- Set runtime path of "/home/sami/session7/ros2-assignment7/install/interfaces/lib/libinterfaces__rosidl_typesupport_introspection_cpp.so" to ""
[3.816s] -- Installing: /home/sami/session7/ros2-assignment7/install/interfaces/lib/libinterfaces__rosidl_typesupport_cpp.so
[3.816s] -- Set runtime path of "/home/sami/session7/ros2-assignment7/install/interfaces/lib/libinterfaces__rosidl_typesupport_cpp.so" to ""
[3.816s] -- Installing: /home/sami/session7/ros2-assignment7/install/interfaces/share/interfaces/environment/pythonpath.sh
[3.816s] -- Installing: /home/sami/session7/ros2-assignment7/install/interfaces/share/interfaces/environment/pythonpath.dsv
[3.816s] -- Installing: /home/sami/session7/ros2-assignment7/install/interfaces/local/lib/python3.10/dist-packages/interfaces-0.0.0-py3.10.egg-info
[3.816s] -- Installing: /home/sami/session7/ros2-assignment7/install/interfaces/local/lib/python3.10/dist-packages/interfaces-0.0.0-py3.10.egg-info/top_level.txt
[3.816s] -- Installing: /home/sami/session7/ros2-assignment7/install/interfaces/local/lib/python3.10/dist-packages/interfaces-0.0.0-py3.10.egg-info/PKG-INFO
[3.816s] -- Installing: /home/sami/session7/ros2-assignment7/install/interfaces/local/lib/python3.10/dist-packages/interfaces-0.0.0-py3.10.egg-info/SOURCES.txt
[3.817s] -- Installing: /home/sami/session7/ros2-assignment7/install/interfaces/local/lib/python3.10/dist-packages/interfaces-0.0.0-py3.10.egg-info/dependency_links.txt
[3.817s] -- Installing: /home/sami/session7/ros2-assignment7/install/interfaces/local/lib/python3.10/dist-packages/interfaces
[3.817s] -- Installing: /home/sami/session7/ros2-assignment7/install/interfaces/local/lib/python3.10/dist-packages/interfaces/srv
[3.817s] -- Installing: /home/sami/session7/ros2-assignment7/install/interfaces/local/lib/python3.10/dist-packages/interfaces/srv/_find_closest_wall.py
[3.817s] -- Installing: /home/sami/session7/ros2-assignment7/install/interfaces/local/lib/python3.10/dist-packages/interfaces/srv/__init__.py
[3.817s] -- Installing: /home/sami/session7/ros2-assignment7/install/interfaces/local/lib/python3.10/dist-packages/interfaces/srv/_find_closest_wall_s.c
[3.817s] -- Installing: /home/sami/session7/ros2-assignment7/install/interfaces/local/lib/python3.10/dist-packages/interfaces/interfaces_s__rosidl_typesupport_fastrtps_c.cpython-310-x86_64-linux-gnu.so
[3.817s] -- Installing: /home/sami/session7/ros2-assignment7/install/interfaces/local/lib/python3.10/dist-packages/interfaces/interfaces_s__rosidl_typesupport_c.cpython-310-x86_64-linux-gnu.so
[3.817s] -- Installing: /home/sami/session7/ros2-assignment7/install/interfaces/local/lib/python3.10/dist-packages/interfaces/_interfaces_s.ep.rosidl_typesupport_c.c
[3.817s] -- Installing: /home/sami/session7/ros2-assignment7/install/interfaces/local/lib/python3.10/dist-packages/interfaces/action
[3.817s] -- Installing: /home/sami/session7/ros2-assignment7/install/interfaces/local/lib/python3.10/dist-packages/interfaces/action/_lap_time_s.c
[3.817s] -- Installing: /home/sami/session7/ros2-assignment7/install/interfaces/local/lib/python3.10/dist-packages/interfaces/action/_lap_time.py
[3.817s] -- Installing: /home/sami/session7/ros2-assignment7/install/interfaces/local/lib/python3.10/dist-packages/interfaces/action/__init__.py
[3.817s] -- Installing: /home/sami/session7/ros2-assignment7/install/interfaces/local/lib/python3.10/dist-packages/interfaces/_interfaces_s.ep.rosidl_typesupport_fastrtps_c.c
[3.817s] -- Installing: /home/sami/session7/ros2-assignment7/install/interfaces/local/lib/python3.10/dist-packages/interfaces/_interfaces_s.ep.rosidl_typesupport_introspection_c.c
[3.818s] -- Installing: /home/sami/session7/ros2-assignment7/install/interfaces/local/lib/python3.10/dist-packages/interfaces/interfaces_s__rosidl_typesupport_introspection_c.cpython-310-x86_64-linux-gnu.so
[3.818s] -- Installing: /home/sami/session7/ros2-assignment7/install/interfaces/local/lib/python3.10/dist-packages/interfaces/__init__.py
[3.818s] -- Installing: /home/sami/session7/ros2-assignment7/install/interfaces/local/lib/python3.10/dist-packages/interfaces/libinterfaces__rosidl_generator_py.so
[3.845s] Listing '/home/sami/session7/ros2-assignment7/install/interfaces/local/lib/python3.10/dist-packages/interfaces'...
[3.845s] Compiling '/home/sami/session7/ros2-assignment7/install/interfaces/local/lib/python3.10/dist-packages/interfaces/__init__.py'...
[3.845s] Listing '/home/sami/session7/ros2-assignment7/install/interfaces/local/lib/python3.10/dist-packages/interfaces/action'...
[3.845s] Compiling '/home/sami/session7/ros2-assignment7/install/interfaces/local/lib/python3.10/dist-packages/interfaces/action/__init__.py'...
[3.845s] Compiling '/home/sami/session7/ros2-assignment7/install/interfaces/local/lib/python3.10/dist-packages/interfaces/action/_lap_time.py'...
[3.845s] Listing '/home/sami/session7/ros2-assignment7/install/interfaces/local/lib/python3.10/dist-packages/interfaces/srv'...
[3.845s] Compiling '/home/sami/session7/ros2-assignment7/install/interfaces/local/lib/python3.10/dist-packages/interfaces/srv/__init__.py'...
[3.845s] Compiling '/home/sami/session7/ros2-assignment7/install/interfaces/local/lib/python3.10/dist-packages/interfaces/srv/_find_closest_wall.py'...
[3.848s] -- Installing: /home/sami/session7/ros2-assignment7/install/interfaces/local/lib/python3.10/dist-packages/interfaces/interfaces_s__rosidl_typesupport_fastrtps_c.cpython-310-x86_64-linux-gnu.so
[3.848s] -- Set runtime path of "/home/sami/session7/ros2-assignment7/install/interfaces/local/lib/python3.10/dist-packages/interfaces/interfaces_s__rosidl_typesupport_fastrtps_c.cpython-310-x86_64-linux-gnu.so" to ""
[3.848s] -- Installing: /home/sami/session7/ros2-assignment7/install/interfaces/local/lib/python3.10/dist-packages/interfaces/interfaces_s__rosidl_typesupport_introspection_c.cpython-310-x86_64-linux-gnu.so
[3.849s] -- Set runtime path of "/home/sami/session7/ros2-assignment7/install/interfaces/local/lib/python3.10/dist-packages/interfaces/interfaces_s__rosidl_typesupport_introspection_c.cpython-310-x86_64-linux-gnu.so" to ""
[3.849s] -- Installing: /home/sami/session7/ros2-assignment7/install/interfaces/local/lib/python3.10/dist-packages/interfaces/interfaces_s__rosidl_typesupport_c.cpython-310-x86_64-linux-gnu.so
[3.849s] -- Set runtime path of "/home/sami/session7/ros2-assignment7/install/interfaces/local/lib/python3.10/dist-packages/interfaces/interfaces_s__rosidl_typesupport_c.cpython-310-x86_64-linux-gnu.so" to ""
[3.849s] -- Installing: /home/sami/session7/ros2-assignment7/install/interfaces/lib/libinterfaces__rosidl_generator_py.so
[3.849s] -- Set runtime path of "/home/sami/session7/ros2-assignment7/install/interfaces/lib/libinterfaces__rosidl_generator_py.so" to ""
[3.849s] -- Installing: /home/sami/session7/ros2-assignment7/install/interfaces/share/interfaces/action/LapTime.idl
[3.849s] -- Installing: /home/sami/session7/ros2-assignment7/install/interfaces/share/interfaces/srv/FindClosestWall.idl
[3.849s] -- Installing: /home/sami/session7/ros2-assignment7/install/interfaces/share/interfaces/action/LapTime.action
[3.850s] -- Installing: /home/sami/session7/ros2-assignment7/install/interfaces/share/interfaces/srv/FindClosestWall.srv
[3.850s] -- Installing: /home/sami/session7/ros2-assignment7/install/interfaces/share/interfaces/srv/FindClosestWall_Request.msg
[3.850s] -- Installing: /home/sami/session7/ros2-assignment7/install/interfaces/share/interfaces/srv/FindClosestWall_Response.msg
[3.850s] -- Installing: /home/sami/session7/ros2-assignment7/install/interfaces/share/ament_index/resource_index/package_run_dependencies/interfaces
[3.850s] -- Installing: /home/sami/session7/ros2-assignment7/install/interfaces/share/ament_index/resource_index/parent_prefix_path/interfaces
[3.850s] -- Installing: /home/sami/session7/ros2-assignment7/install/interfaces/share/interfaces/environment/ament_prefix_path.sh
[3.850s] -- Installing: /home/sami/session7/ros2-assignment7/install/interfaces/share/interfaces/environment/ament_prefix_path.dsv
[3.850s] -- Installing: /home/sami/session7/ros2-assignment7/install/interfaces/share/interfaces/environment/path.sh
[3.850s] -- Installing: /home/sami/session7/ros2-assignment7/install/interfaces/share/interfaces/environment/path.dsv
[3.850s] -- Installing: /home/sami/session7/ros2-assignment7/install/interfaces/share/interfaces/local_setup.bash
[3.850s] -- Installing: /home/sami/session7/ros2-assignment7/install/interfaces/share/interfaces/local_setup.sh
[3.850s] -- Installing: /home/sami/session7/ros2-assignment7/install/interfaces/share/interfaces/local_setup.zsh
[3.850s] -- Installing: /home/sami/session7/ros2-assignment7/install/interfaces/share/interfaces/local_setup.dsv
[3.850s] -- Installing: /home/sami/session7/ros2-assignment7/install/interfaces/share/interfaces/package.dsv
[3.851s] -- Installing: /home/sami/session7/ros2-assignment7/install/interfaces/share/ament_index/resource_index/packages/interfaces
[3.851s] -- Installing: /home/sami/session7/ros2-assignment7/install/interfaces/share/interfaces/cmake/export_interfaces__rosidl_generator_cExport.cmake
[3.851s] -- Installing: /home/sami/session7/ros2-assignment7/install/interfaces/share/interfaces/cmake/export_interfaces__rosidl_generator_cExport-noconfig.cmake
[3.851s] -- Installing: /home/sami/session7/ros2-assignment7/install/interfaces/share/interfaces/cmake/export_interfaces__rosidl_typesupport_fastrtps_cExport.cmake
[3.851s] -- Installing: /home/sami/session7/ros2-assignment7/install/interfaces/share/interfaces/cmake/export_interfaces__rosidl_typesupport_fastrtps_cExport-noconfig.cmake
[3.851s] -- Installing: /home/sami/session7/ros2-assignment7/install/interfaces/share/interfaces/cmake/interfaces__rosidl_typesupport_introspection_cExport.cmake
[3.851s] -- Installing: /home/sami/session7/ros2-assignment7/install/interfaces/share/interfaces/cmake/interfaces__rosidl_typesupport_introspection_cExport-noconfig.cmake
[3.851s] -- Installing: /home/sami/session7/ros2-assignment7/install/interfaces/share/interfaces/cmake/interfaces__rosidl_typesupport_cExport.cmake
[3.851s] -- Installing: /home/sami/session7/ros2-assignment7/install/interfaces/share/interfaces/cmake/interfaces__rosidl_typesupport_cExport-noconfig.cmake
[3.851s] -- Installing: /home/sami/session7/ros2-assignment7/install/interfaces/share/interfaces/cmake/export_interfaces__rosidl_generator_cppExport.cmake
[3.851s] -- Installing: /home/sami/session7/ros2-assignment7/install/interfaces/share/interfaces/cmake/export_interfaces__rosidl_typesupport_fastrtps_cppExport.cmake
[3.851s] -- Installing: /home/sami/session7/ros2-assignment7/install/interfaces/share/interfaces/cmake/export_interfaces__rosidl_typesupport_fastrtps_cppExport-noconfig.cmake
[3.851s] -- Installing: /home/sami/session7/ros2-assignment7/install/interfaces/share/interfaces/cmake/interfaces__rosidl_typesupport_introspection_cppExport.cmake
[3.852s] -- Installing: /home/sami/session7/ros2-assignment7/install/interfaces/share/interfaces/cmake/interfaces__rosidl_typesupport_introspection_cppExport-noconfig.cmake
[3.852s] -- Installing: /home/sami/session7/ros2-assignment7/install/interfaces/share/interfaces/cmake/interfaces__rosidl_typesupport_cppExport.cmake
[3.852s] -- Installing: /home/sami/session7/ros2-assignment7/install/interfaces/share/interfaces/cmake/interfaces__rosidl_typesupport_cppExport-noconfig.cmake
[3.852s] -- Installing: /home/sami/session7/ros2-assignment7/install/interfaces/share/interfaces/cmake/export_interfaces__rosidl_generator_pyExport.cmake
[3.852s] -- Installing: /home/sami/session7/ros2-assignment7/install/interfaces/share/interfaces/cmake/export_interfaces__rosidl_generator_pyExport-noconfig.cmake
[3.852s] -- Installing: /home/sami/session7/ros2-assignment7/install/interfaces/share/interfaces/cmake/rosidl_cmake-extras.cmake
[3.852s] -- Installing: /home/sami/session7/ros2-assignment7/install/interfaces/share/interfaces/cmake/ament_cmake_export_dependencies-extras.cmake
[3.852s] -- Installing: /home/sami/session7/ros2-assignment7/install/interfaces/share/interfaces/cmake/ament_cmake_export_include_directories-extras.cmake
[3.852s] -- Installing: /home/sami/session7/ros2-assignment7/install/interfaces/share/interfaces/cmake/ament_cmake_export_libraries-extras.cmake
[3.852s] -- Installing: /home/sami/session7/ros2-assignment7/install/interfaces/share/interfaces/cmake/ament_cmake_export_targets-extras.cmake
[3.852s] -- Installing: /home/sami/session7/ros2-assignment7/install/interfaces/share/interfaces/cmake/rosidl_cmake_export_typesupport_targets-extras.cmake
[3.852s] -- Installing: /home/sami/session7/ros2-assignment7/install/interfaces/share/interfaces/cmake/rosidl_cmake_export_typesupport_libraries-extras.cmake
[3.852s] -- Installing: /home/sami/session7/ros2-assignment7/install/interfaces/share/interfaces/cmake/interfacesConfig.cmake
[3.853s] -- Installing: /home/sami/session7/ros2-assignment7/install/interfaces/share/interfaces/cmake/interfacesConfig-version.cmake
[3.853s] -- Installing: /home/sami/session7/ros2-assignment7/install/interfaces/share/interfaces/package.xml
[3.855s] Invoked command in '/home/sami/session7/ros2-assignment7/build/interfaces' returned '0': CMAKE_PREFIX_PATH=/opt/ros/humble /usr/bin/cmake --install /home/sami/session7/ros2-assignment7/build/interfaces
