[0.400s] Invoking command in '/home/sami/session7/src/walldetector': PYTHONPATH=/home/sami/session7/build/walldetector/prefix_override:/usr/lib/python3/dist-packages/colcon_core/task/python/colcon_distutils_commands:/home/sami/session7/install/walldetector/lib/python3.10/site-packages:${PYTHONPATH} /usr/bin/python3 -W ignore:setup.py install is deprecated setup.py egg_info --egg-base ../../build/walldetector build --build-base /home/sami/session7/build/walldetector/build install --record /home/sami/session7/build/walldetector/install.log --single-version-externally-managed install_data
[0.537s] running egg_info
[0.537s] writing ../../build/walldetector/walldetector.egg-info/PKG-INFO
[0.537s] writing dependency_links to ../../build/walldetector/walldetector.egg-info/dependency_links.txt
[0.537s] writing entry points to ../../build/walldetector/walldetector.egg-info/entry_points.txt
[0.537s] writing requirements to ../../build/walldetector/walldetector.egg-info/requires.txt
[0.537s] writing top-level names to ../../build/walldetector/walldetector.egg-info/top_level.txt
[0.538s] reading manifest file '../../build/walldetector/walldetector.egg-info/SOURCES.txt'
[0.539s] writing manifest file '../../build/walldetector/walldetector.egg-info/SOURCES.txt'
[0.539s] running build
[0.539s] running build_py
[0.539s] running install
[0.539s] running install_lib
[0.540s] running install_data
[0.540s] running install_egg_info
[0.541s] removing '/home/sami/session7/install/walldetector/lib/python3.10/site-packages/walldetector-0.0.0-py3.10.egg-info' (and everything under it)
[0.541s] Copying ../../build/walldetector/walldetector.egg-info to /home/sami/session7/install/walldetector/lib/python3.10/site-packages/walldetector-0.0.0-py3.10.egg-info
[0.542s] running install_scripts
[0.554s] writing list of installed files to '/home/sami/session7/build/walldetector/install.log'
[0.571s] Invoked command in '/home/sami/session7/src/walldetector' returned '0': PYTHONPATH=/home/sami/session7/build/walldetector/prefix_override:/usr/lib/python3/dist-packages/colcon_core/task/python/colcon_distutils_commands:/home/sami/session7/install/walldetector/lib/python3.10/site-packages:${PYTHONPATH} /usr/bin/python3 -W ignore:setup.py install is deprecated setup.py egg_info --egg-base ../../build/walldetector build --build-base /home/sami/session7/build/walldetector/build install --record /home/sami/session7/build/walldetector/install.log --single-version-externally-managed install_data
