[0.128s] DEBUG:colcon:Command line arguments: ['/usr/bin/colcon', 'list', '-p', '--base-paths', '/home/sami/session7']
[0.128s] DEBUG:colcon:Parsed command line arguments: Namespace(log_base=None, log_level=None, verb_name='list', build_base='build', ignore_user_meta=False, metas=['./colcon.meta'], base_paths=['/home/sami/session7'], packages_ignore=None, packages_ignore_regex=None, paths=None, packages_up_to=None, packages_up_to_regex=None, packages_above=None, packages_above_and_dependencies=None, packages_above_depth=None, packages_select_by_dep=None, packages_skip_by_dep=None, packages_skip_up_to=None, packages_select_build_failed=False, packages_skip_build_finished=False, packages_select_test_failures=False, packages_skip_test_passed=False, packages_select=None, packages_skip=None, packages_select_regex=None, packages_skip_regex=None, packages_start=None, packages_end=None, allow_overriding=[], topological_order=False, names_only=False, paths_only=True, topological_graph=False, topological_graph_dot=False, topological_graph_density=False, topological_graph_legend=False, topological_graph_dot_cluster=False, topological_graph_dot_include_skipped=False, mixin_files=None, mixin=None, verb_parser=<colcon_mixin.mixin.mixin_argument.MixinArgumentDecorator object at 0x7aa6debcad70>, verb_extension=<colcon_package_information.verb.list.ListVerb object at 0x7aa6debc9db0>, main=<bound method ListVerb.main of <colcon_package_information.verb.list.ListVerb object at 0x7aa6debc9db0>>, mixin_verb=('list',))
[0.341s] Level 1:colcon.colcon_core.package_discovery:discover_packages(colcon_meta) check parameters
[0.342s] Level 1:colcon.colcon_core.package_discovery:discover_packages(recursive) check parameters
[0.342s] Level 1:colcon.colcon_core.package_discovery:discover_packages(ignore) check parameters
[0.342s] Level 1:colcon.colcon_core.package_discovery:discover_packages(path) check parameters
[0.342s] Level 1:colcon.colcon_core.package_discovery:discover_packages(recursive) discover
[0.342s] INFO:colcon.colcon_core.package_discovery:Crawling recursively for packages in '/home/sami/session7'
[0.342s] Level 1:colcon.colcon_core.package_identification:_identify(/home/sami/session7) by extensions ['ignore', 'ignore_ament_install']
[0.343s] Level 1:colcon.colcon_core.package_identification:_identify(/home/sami/session7) by extension 'ignore'
[0.343s] Level 1:colcon.colcon_core.package_identification:_identify(/home/sami/session7) by extension 'ignore_ament_install'
[0.343s] Level 1:colcon.colcon_core.package_identification:_identify(/home/sami/session7) by extensions ['colcon_pkg']
[0.343s] Level 1:colcon.colcon_core.package_identification:_identify(/home/sami/session7) by extension 'colcon_pkg'
[0.343s] Level 1:colcon.colcon_core.package_identification:_identify(/home/sami/session7) by extensions ['colcon_meta']
[0.343s] Level 1:colcon.colcon_core.package_identification:_identify(/home/sami/session7) by extension 'colcon_meta'
[0.343s] Level 1:colcon.colcon_core.package_identification:_identify(/home/sami/session7) by extensions ['ros']
[0.343s] Level 1:colcon.colcon_core.package_identification:_identify(/home/sami/session7) by extension 'ros'
[0.359s] Level 1:colcon.colcon_core.package_identification:_identify(/home/sami/session7) by extensions ['cmake', 'python']
[0.359s] Level 1:colcon.colcon_core.package_identification:_identify(/home/sami/session7) by extension 'cmake'
[0.359s] Level 1:colcon.colcon_core.package_identification:_identify(/home/sami/session7) by extension 'python'
[0.359s] Level 1:colcon.colcon_core.package_identification:_identify(/home/sami/session7) by extensions ['python_setup_py']
[0.359s] Level 1:colcon.colcon_core.package_identification:_identify(/home/sami/session7) by extension 'python_setup_py'
[0.359s] Level 1:colcon.colcon_core.package_identification:_identify(/home/sami/session7/build) by extensions ['ignore', 'ignore_ament_install']
[0.359s] Level 1:colcon.colcon_core.package_identification:_identify(/home/sami/session7/build) by extension 'ignore'
[0.359s] Level 1:colcon.colcon_core.package_identification:_identify(/home/sami/session7/build) ignored
[0.359s] Level 1:colcon.colcon_core.package_identification:_identify(/home/sami/session7/install) by extensions ['ignore', 'ignore_ament_install']
[0.360s] Level 1:colcon.colcon_core.package_identification:_identify(/home/sami/session7/install) by extension 'ignore'
[0.360s] Level 1:colcon.colcon_core.package_identification:_identify(/home/sami/session7/install) ignored
[0.360s] Level 1:colcon.colcon_core.package_identification:_identify(/home/sami/session7/log) by extensions ['ignore', 'ignore_ament_install']
[0.360s] Level 1:colcon.colcon_core.package_identification:_identify(/home/sami/session7/log) by extension 'ignore'
[0.360s] Level 1:colcon.colcon_core.package_identification:_identify(/home/sami/session7/log) ignored
[0.360s] Level 1:colcon.colcon_core.package_identification:_identify(/home/sami/session7/src) by extensions ['ignore', 'ignore_ament_install']
[0.360s] Level 1:colcon.colcon_core.package_identification:_identify(/home/sami/session7/src) by extension 'ignore'
[0.360s] Level 1:colcon.colcon_core.package_identification:_identify(/home/sami/session7/src) by extension 'ignore_ament_install'
[0.360s] Level 1:colcon.colcon_core.package_identification:_identify(/home/sami/session7/src) by extensions ['colcon_pkg']
[0.360s] Level 1:colcon.colcon_core.package_identification:_identify(/home/sami/session7/src) by extension 'colcon_pkg'
[0.360s] Level 1:colcon.colcon_core.package_identification:_identify(/home/sami/session7/src) by extensions ['colcon_meta']
[0.360s] Level 1:colcon.colcon_core.package_identification:_identify(/home/sami/session7/src) by extension 'colcon_meta'
[0.360s] Level 1:colcon.colcon_core.package_identification:_identify(/home/sami/session7/src) by extensions ['ros']
[0.360s] Level 1:colcon.colcon_core.package_identification:_identify(/home/sami/session7/src) by extension 'ros'
[0.360s] Level 1:colcon.colcon_core.package_identification:_identify(/home/sami/session7/src) by extensions ['cmake', 'python']
[0.361s] Level 1:colcon.colcon_core.package_identification:_identify(/home/sami/session7/src) by extension 'cmake'
[0.361s] Level 1:colcon.colcon_core.package_identification:_identify(/home/sami/session7/src) by extension 'python'
[0.361s] Level 1:colcon.colcon_core.package_identification:_identify(/home/sami/session7/src) by extensions ['python_setup_py']
[0.361s] Level 1:colcon.colcon_core.package_identification:_identify(/home/sami/session7/src) by extension 'python_setup_py'
[0.361s] Level 1:colcon.colcon_core.package_identification:_identify(/home/sami/session7/src/interfaces) by extensions ['ignore', 'ignore_ament_install']
[0.361s] Level 1:colcon.colcon_core.package_identification:_identify(/home/sami/session7/src/interfaces) by extension 'ignore'
[0.361s] Level 1:colcon.colcon_core.package_identification:_identify(/home/sami/session7/src/interfaces) by extension 'ignore_ament_install'
[0.361s] Level 1:colcon.colcon_core.package_identification:_identify(/home/sami/session7/src/interfaces) by extensions ['colcon_pkg']
[0.361s] Level 1:colcon.colcon_core.package_identification:_identify(/home/sami/session7/src/interfaces) by extension 'colcon_pkg'
[0.361s] Level 1:colcon.colcon_core.package_identification:_identify(/home/sami/session7/src/interfaces) by extensions ['colcon_meta']
[0.361s] Level 1:colcon.colcon_core.package_identification:_identify(/home/sami/session7/src/interfaces) by extension 'colcon_meta'
[0.361s] Level 1:colcon.colcon_core.package_identification:_identify(/home/sami/session7/src/interfaces) by extensions ['ros']
[0.361s] Level 1:colcon.colcon_core.package_identification:_identify(/home/sami/session7/src/interfaces) by extension 'ros'
[0.364s] DEBUG:colcon.colcon_core.package_identification:Package '/home/sami/session7/src/interfaces' with type 'ros.ament_cmake' and name 'interfaces'
[0.364s] Level 1:colcon.colcon_core.package_identification:_identify(/home/sami/session7/src/walldetector) by extensions ['ignore', 'ignore_ament_install']
[0.364s] Level 1:colcon.colcon_core.package_identification:_identify(/home/sami/session7/src/walldetector) by extension 'ignore'
[0.365s] Level 1:colcon.colcon_core.package_identification:_identify(/home/sami/session7/src/walldetector) by extension 'ignore_ament_install'
[0.365s] Level 1:colcon.colcon_core.package_identification:_identify(/home/sami/session7/src/walldetector) by extensions ['colcon_pkg']
[0.365s] Level 1:colcon.colcon_core.package_identification:_identify(/home/sami/session7/src/walldetector) by extension 'colcon_pkg'
[0.365s] Level 1:colcon.colcon_core.package_identification:_identify(/home/sami/session7/src/walldetector) by extensions ['colcon_meta']
[0.365s] Level 1:colcon.colcon_core.package_identification:_identify(/home/sami/session7/src/walldetector) by extension 'colcon_meta'
[0.365s] Level 1:colcon.colcon_core.package_identification:_identify(/home/sami/session7/src/walldetector) by extensions ['ros']
[0.365s] Level 1:colcon.colcon_core.package_identification:_identify(/home/sami/session7/src/walldetector) by extension 'ros'
[0.365s] DEBUG:colcon.colcon_core.package_identification:Package '/home/sami/session7/src/walldetector' with type 'ros.ament_python' and name 'walldetector'
[0.366s] Level 1:colcon.colcon_core.package_discovery:discover_packages(recursive) using defaults
