[0.641s] Invoking command in '/home/sami/session7/ros2-assignment7/src/walldetector': PYTHONPATH=/home/sami/session7/ros2-assignment7/build/walldetector/prefix_override:/usr/lib/python3/dist-packages/colcon_core/task/python/colcon_distutils_commands:/home/sami/session7/ros2-assignment7/install/walldetector/lib/python3.10/site-packages:${PYTHONPATH} /usr/bin/python3 -W ignore:setup.py install is deprecated setup.py egg_info --egg-base ../../build/walldetector build --build-base /home/sami/session7/ros2-assignment7/build/walldetector/build install --record /home/sami/session7/ros2-assignment7/build/walldetector/install.log --single-version-externally-managed install_data
[0.851s] running egg_info
[0.852s] writing ../../build/walldetector/walldetector.egg-info/PKG-INFO
[0.853s] writing dependency_links to ../../build/walldetector/walldetector.egg-info/dependency_links.txt
[0.853s] writing entry points to ../../build/walldetector/walldetector.egg-info/entry_points.txt
[0.853s] writing requirements to ../../build/walldetector/walldetector.egg-info/requires.txt
[0.853s] writing top-level names to ../../build/walldetector/walldetector.egg-info/top_level.txt
[0.855s] reading manifest file '../../build/walldetector/walldetector.egg-info/SOURCES.txt'
[0.856s] writing manifest file '../../build/walldetector/walldetector.egg-info/SOURCES.txt'
[0.856s] running build
[0.856s] running build_py
[0.856s] copying walldetector/finder.py -> /home/sami/session7/ros2-assignment7/build/walldetector/build/lib/walldetector
[0.856s] running install
[0.856s] running install_lib
[0.857s] copying /home/sami/session7/ros2-assignment7/build/walldetector/build/lib/walldetector/finder.py -> /home/sami/session7/ros2-assignment7/install/walldetector/lib/python3.10/site-packages/walldetector
[0.858s] byte-compiling /home/sami/session7/ros2-assignment7/install/walldetector/lib/python3.10/site-packages/walldetector/finder.py to finder.cpython-310.pyc
[0.858s] running install_data
[0.858s] running install_egg_info
[0.860s] removing '/home/sami/session7/ros2-assignment7/install/walldetector/lib/python3.10/site-packages/walldetector-0.0.0-py3.10.egg-info' (and everything under it)
[0.860s] Copying ../../build/walldetector/walldetector.egg-info to /home/sami/session7/ros2-assignment7/install/walldetector/lib/python3.10/site-packages/walldetector-0.0.0-py3.10.egg-info
[0.861s] running install_scripts
[0.883s] Installing finder script to /home/sami/session7/ros2-assignment7/install/walldetector/lib/walldetector
[0.883s] Installing follower script to /home/sami/session7/ros2-assignment7/install/walldetector/lib/walldetector
[0.883s] Installing laptime_client script to /home/sami/session7/ros2-assignment7/install/walldetector/lib/walldetector
[0.883s] Installing laptime_server script to /home/sami/session7/ros2-assignment7/install/walldetector/lib/walldetector
[0.884s] writing list of installed files to '/home/sami/session7/ros2-assignment7/build/walldetector/install.log'
[0.943s] Invoked command in '/home/sami/session7/ros2-assignment7/src/walldetector' returned '0': PYTHONPATH=/home/sami/session7/ros2-assignment7/build/walldetector/prefix_override:/usr/lib/python3/dist-packages/colcon_core/task/python/colcon_distutils_commands:/home/sami/session7/ros2-assignment7/install/walldetector/lib/python3.10/site-packages:${PYTHONPATH} /usr/bin/python3 -W ignore:setup.py install is deprecated setup.py egg_info --egg-base ../../build/walldetector build --build-base /home/sami/session7/ros2-assignment7/build/walldetector/build install --record /home/sami/session7/ros2-assignment7/build/walldetector/install.log --single-version-externally-managed install_data
