[0.072s] DEBUG:colcon:Command line arguments: ['/usr/bin/colcon', 'build']
[0.072s] DEBUG:colcon:Parsed command line arguments: Namespace(log_base=None, log_level=None, verb_name='build', build_base='build', install_base='install', merge_install=False, symlink_install=False, test_result_base=None, continue_on_error=False, executor='parallel', parallel_workers=8, event_handlers=None, ignore_user_meta=False, metas=['./colcon.meta'], base_paths=['.'], packages_ignore=None, packages_ignore_regex=None, paths=None, packages_up_to=None, packages_up_to_regex=None, packages_above=None, packages_above_and_dependencies=None, packages_above_depth=None, packages_select_by_dep=None, packages_skip_by_dep=None, packages_skip_up_to=None, packages_select_build_failed=False, packages_skip_build_finished=False, packages_select_test_failures=False, packages_skip_test_passed=False, packages_select=None, packages_skip=None, packages_select_regex=None, packages_skip_regex=None, packages_start=None, packages_end=None, allow_overriding=[], cmake_args=None, cmake_target=None, cmake_target_skip_unavailable=False, cmake_clean_cache=False, cmake_clean_first=False, cmake_force_configure=False, ament_cmake_args=None, catkin_cmake_args=None, catkin_skip_building_tests=False, mixin_files=None, mixin=None, verb_parser=<colcon_mixin.mixin.mixin_argument.MixinArgumentDecorator object at 0x716dcf032b30>, verb_extension=<colcon_core.verb.build.BuildVerb object at 0x716dcf13f880>, main=<bound method BuildVerb.main of <colcon_core.verb.build.BuildVerb object at 0x716dcf13f880>>, mixin_verb=('build',))
[0.180s] Level 1:colcon.colcon_core.package_discovery:discover_packages(colcon_meta) check parameters
[0.180s] Level 1:colcon.colcon_core.package_discovery:discover_packages(recursive) check parameters
[0.180s] Level 1:colcon.colcon_core.package_discovery:discover_packages(ignore) check parameters
[0.180s] Level 1:colcon.colcon_core.package_discovery:discover_packages(path) check parameters
[0.180s] Level 1:colcon.colcon_core.package_discovery:discover_packages(colcon_meta) discover
[0.180s] Level 1:colcon.colcon_core.package_discovery:discover_packages(recursive) discover
[0.180s] INFO:colcon.colcon_core.package_discovery:Crawling recursively for packages in '/home/sami/session7/ros2-assignment7'
[0.180s] Level 1:colcon.colcon_core.package_identification:_identify(.) by extensions ['ignore', 'ignore_ament_install']
[0.180s] Level 1:colcon.colcon_core.package_identification:_identify(.) by extension 'ignore'
[0.180s] Level 1:colcon.colcon_core.package_identification:_identify(.) by extension 'ignore_ament_install'
[0.181s] Level 1:colcon.colcon_core.package_identification:_identify(.) by extensions ['colcon_pkg']
[0.181s] Level 1:colcon.colcon_core.package_identification:_identify(.) by extension 'colcon_pkg'
[0.181s] Level 1:colcon.colcon_core.package_identification:_identify(.) by extensions ['colcon_meta']
[0.181s] Level 1:colcon.colcon_core.package_identification:_identify(.) by extension 'colcon_meta'
[0.181s] Level 1:colcon.colcon_core.package_identification:_identify(.) by extensions ['ros']
[0.181s] Level 1:colcon.colcon_core.package_identification:_identify(.) by extension 'ros'
[0.188s] Level 1:colcon.colcon_core.package_identification:_identify(.) by extensions ['cmake', 'python']
[0.188s] Level 1:colcon.colcon_core.package_identification:_identify(.) by extension 'cmake'
[0.188s] Level 1:colcon.colcon_core.package_identification:_identify(.) by extension 'python'
[0.189s] Level 1:colcon.colcon_core.package_identification:_identify(.) by extensions ['python_setup_py']
[0.189s] Level 1:colcon.colcon_core.package_identification:_identify(.) by extension 'python_setup_py'
[0.189s] Level 1:colcon.colcon_core.package_identification:_identify(build) by extensions ['ignore', 'ignore_ament_install']
[0.189s] Level 1:colcon.colcon_core.package_identification:_identify(build) by extension 'ignore'
[0.189s] Level 1:colcon.colcon_core.package_identification:_identify(build) ignored
[0.189s] Level 1:colcon.colcon_core.package_identification:_identify(install) by extensions ['ignore', 'ignore_ament_install']
[0.189s] Level 1:colcon.colcon_core.package_identification:_identify(install) by extension 'ignore'
[0.189s] Level 1:colcon.colcon_core.package_identification:_identify(install) ignored
[0.189s] Level 1:colcon.colcon_core.package_identification:_identify(log) by extensions ['ignore', 'ignore_ament_install']
[0.189s] Level 1:colcon.colcon_core.package_identification:_identify(log) by extension 'ignore'
[0.189s] Level 1:colcon.colcon_core.package_identification:_identify(log) ignored
[0.189s] Level 1:colcon.colcon_core.package_identification:_identify(src) by extensions ['ignore', 'ignore_ament_install']
[0.189s] Level 1:colcon.colcon_core.package_identification:_identify(src) by extension 'ignore'
[0.189s] Level 1:colcon.colcon_core.package_identification:_identify(src) by extension 'ignore_ament_install'
[0.189s] Level 1:colcon.colcon_core.package_identification:_identify(src) by extensions ['colcon_pkg']
[0.189s] Level 1:colcon.colcon_core.package_identification:_identify(src) by extension 'colcon_pkg'
[0.189s] Level 1:colcon.colcon_core.package_identification:_identify(src) by extensions ['colcon_meta']
[0.189s] Level 1:colcon.colcon_core.package_identification:_identify(src) by extension 'colcon_meta'
[0.189s] Level 1:colcon.colcon_core.package_identification:_identify(src) by extensions ['ros']
[0.189s] Level 1:colcon.colcon_core.package_identification:_identify(src) by extension 'ros'
[0.189s] Level 1:colcon.colcon_core.package_identification:_identify(src) by extensions ['cmake', 'python']
[0.189s] Level 1:colcon.colcon_core.package_identification:_identify(src) by extension 'cmake'
[0.189s] Level 1:colcon.colcon_core.package_identification:_identify(src) by extension 'python'
[0.189s] Level 1:colcon.colcon_core.package_identification:_identify(src) by extensions ['python_setup_py']
[0.189s] Level 1:colcon.colcon_core.package_identification:_identify(src) by extension 'python_setup_py'
[0.189s] Level 1:colcon.colcon_core.package_identification:_identify(src/interfaces) by extensions ['ignore', 'ignore_ament_install']
[0.190s] Level 1:colcon.colcon_core.package_identification:_identify(src/interfaces) by extension 'ignore'
[0.190s] Level 1:colcon.colcon_core.package_identification:_identify(src/interfaces) by extension 'ignore_ament_install'
[0.190s] Level 1:colcon.colcon_core.package_identification:_identify(src/interfaces) by extensions ['colcon_pkg']
[0.190s] Level 1:colcon.colcon_core.package_identification:_identify(src/interfaces) by extension 'colcon_pkg'
[0.190s] Level 1:colcon.colcon_core.package_identification:_identify(src/interfaces) by extensions ['colcon_meta']
[0.190s] Level 1:colcon.colcon_core.package_identification:_identify(src/interfaces) by extension 'colcon_meta'
[0.190s] Level 1:colcon.colcon_core.package_identification:_identify(src/interfaces) by extensions ['ros']
[0.190s] Level 1:colcon.colcon_core.package_identification:_identify(src/interfaces) by extension 'ros'
[0.191s] DEBUG:colcon.colcon_core.package_identification:Package 'src/interfaces' with type 'ros.ament_cmake' and name 'interfaces'
[0.192s] Level 1:colcon.colcon_core.package_identification:_identify(src/walldetector) by extensions ['ignore', 'ignore_ament_install']
[0.192s] Level 1:colcon.colcon_core.package_identification:_identify(src/walldetector) by extension 'ignore'
[0.192s] Level 1:colcon.colcon_core.package_identification:_identify(src/walldetector) by extension 'ignore_ament_install'
[0.192s] Level 1:colcon.colcon_core.package_identification:_identify(src/walldetector) by extensions ['colcon_pkg']
[0.192s] Level 1:colcon.colcon_core.package_identification:_identify(src/walldetector) by extension 'colcon_pkg'
[0.192s] Level 1:colcon.colcon_core.package_identification:_identify(src/walldetector) by extensions ['colcon_meta']
[0.192s] Level 1:colcon.colcon_core.package_identification:_identify(src/walldetector) by extension 'colcon_meta'
[0.192s] Level 1:colcon.colcon_core.package_identification:_identify(src/walldetector) by extensions ['ros']
[0.192s] Level 1:colcon.colcon_core.package_identification:_identify(src/walldetector) by extension 'ros'
[0.192s] DEBUG:colcon.colcon_core.package_identification:Package 'src/walldetector' with type 'ros.ament_python' and name 'walldetector'
[0.192s] Level 1:colcon.colcon_core.package_discovery:discover_packages(recursive) using defaults
[0.192s] Level 1:colcon.colcon_core.package_discovery:discover_packages(ignore) discover
[0.192s] Level 1:colcon.colcon_core.package_discovery:discover_packages(ignore) using defaults
[0.192s] Level 1:colcon.colcon_core.package_discovery:discover_packages(path) discover
[0.192s] Level 1:colcon.colcon_core.package_discovery:discover_packages(path) using defaults
[0.206s] Level 1:colcon.colcon_core.package_discovery:discover_packages(prefix_path) check parameters
[0.206s] Level 1:colcon.colcon_core.package_discovery:discover_packages(prefix_path) discover
[0.206s] WARNING:colcon.colcon_core.prefix_path.colcon:The path '/home/sami/session7/install' in the environment variable COLCON_PREFIX_PATH doesn't exist
[0.206s] WARNING:colcon.colcon_ros.prefix_path.ament:The path '/home/sami/session7/install/walldetector' in the environment variable AMENT_PREFIX_PATH doesn't exist
[0.206s] WARNING:colcon.colcon_ros.prefix_path.ament:The path '/home/sami/session7/install/interfaces' in the environment variable AMENT_PREFIX_PATH doesn't exist
[0.206s] WARNING:colcon.colcon_ros.prefix_path.catkin:The path '/home/sami/session7/install/interfaces' in the environment variable CMAKE_PREFIX_PATH doesn't exist
[0.207s] DEBUG:colcon.colcon_installed_package_information.package_discovery:Found 335 installed packages in /opt/ros/humble
[0.217s] Level 1:colcon.colcon_core.package_discovery:discover_packages(prefix_path) using defaults
[0.245s] Level 5:colcon.colcon_core.verb:set package 'interfaces' build argument 'cmake_args' from command line to 'None'
[0.245s] Level 5:colcon.colcon_core.verb:set package 'interfaces' build argument 'cmake_target' from command line to 'None'
[0.245s] Level 5:colcon.colcon_core.verb:set package 'interfaces' build argument 'cmake_target_skip_unavailable' from command line to 'False'
[0.245s] Level 5:colcon.colcon_core.verb:set package 'interfaces' build argument 'cmake_clean_cache' from command line to 'False'
[0.245s] Level 5:colcon.colcon_core.verb:set package 'interfaces' build argument 'cmake_clean_first' from command line to 'False'
[0.245s] Level 5:colcon.colcon_core.verb:set package 'interfaces' build argument 'cmake_force_configure' from command line to 'False'
[0.245s] Level 5:colcon.colcon_core.verb:set package 'interfaces' build argument 'ament_cmake_args' from command line to 'None'
[0.245s] Level 5:colcon.colcon_core.verb:set package 'interfaces' build argument 'catkin_cmake_args' from command line to 'None'
[0.245s] Level 5:colcon.colcon_core.verb:set package 'interfaces' build argument 'catkin_skip_building_tests' from command line to 'False'
[0.245s] DEBUG:colcon.colcon_core.verb:Building package 'interfaces' with the following arguments: {'ament_cmake_args': None, 'build_base': '/home/sami/session7/ros2-assignment7/build/interfaces', 'catkin_cmake_args': None, 'catkin_skip_building_tests': False, 'cmake_args': None, 'cmake_clean_cache': False, 'cmake_clean_first': False, 'cmake_force_configure': False, 'cmake_target': None, 'cmake_target_skip_unavailable': False, 'install_base': '/home/sami/session7/ros2-assignment7/install/interfaces', 'merge_install': False, 'path': '/home/sami/session7/ros2-assignment7/src/interfaces', 'symlink_install': False, 'test_result_base': None}
[0.245s] Level 5:colcon.colcon_core.verb:set package 'walldetector' build argument 'cmake_args' from command line to 'None'
[0.245s] Level 5:colcon.colcon_core.verb:set package 'walldetector' build argument 'cmake_target' from command line to 'None'
[0.245s] Level 5:colcon.colcon_core.verb:set package 'walldetector' build argument 'cmake_target_skip_unavailable' from command line to 'False'
[0.245s] Level 5:colcon.colcon_core.verb:set package 'walldetector' build argument 'cmake_clean_cache' from command line to 'False'
[0.245s] Level 5:colcon.colcon_core.verb:set package 'walldetector' build argument 'cmake_clean_first' from command line to 'False'
[0.245s] Level 5:colcon.colcon_core.verb:set package 'walldetector' build argument 'cmake_force_configure' from command line to 'False'
[0.245s] Level 5:colcon.colcon_core.verb:set package 'walldetector' build argument 'ament_cmake_args' from command line to 'None'
[0.245s] Level 5:colcon.colcon_core.verb:set package 'walldetector' build argument 'catkin_cmake_args' from command line to 'None'
[0.245s] Level 5:colcon.colcon_core.verb:set package 'walldetector' build argument 'catkin_skip_building_tests' from command line to 'False'
[0.245s] DEBUG:colcon.colcon_core.verb:Building package 'walldetector' with the following arguments: {'ament_cmake_args': None, 'build_base': '/home/sami/session7/ros2-assignment7/build/walldetector', 'catkin_cmake_args': None, 'catkin_skip_building_tests': False, 'cmake_args': None, 'cmake_clean_cache': False, 'cmake_clean_first': False, 'cmake_force_configure': False, 'cmake_target': None, 'cmake_target_skip_unavailable': False, 'install_base': '/home/sami/session7/ros2-assignment7/install/walldetector', 'merge_install': False, 'path': '/home/sami/session7/ros2-assignment7/src/walldetector', 'symlink_install': False, 'test_result_base': None}
[0.245s] INFO:colcon.colcon_core.executor:Executing jobs using 'parallel' executor
[0.246s] DEBUG:colcon.colcon_parallel_executor.executor.parallel:run_until_complete
[0.246s] INFO:colcon.colcon_ros.task.ament_cmake.build:Building ROS package in '/home/sami/session7/ros2-assignment7/src/interfaces' with build type 'ament_cmake'
[0.246s] INFO:colcon.colcon_cmake.task.cmake.build:Building CMake package in '/home/sami/session7/ros2-assignment7/src/interfaces'
[0.247s] INFO:colcon.colcon_core.plugin_system:Skipping extension 'colcon_core.shell.bat': Not used on non-Windows systems
[0.248s] INFO:colcon.colcon_core.shell:Skip shell extension 'powershell' for command environment: Not usable outside of PowerShell
[0.248s] DEBUG:colcon.colcon_core.shell:Skip shell extension 'dsv' for command environment
[0.250s] INFO:colcon.colcon_ros.task.ament_python.build:Building ROS package in '/home/sami/session7/ros2-assignment7/src/walldetector' with build type 'ament_python'
[0.250s] Level 1:colcon.colcon_core.shell:create_environment_hook('walldetector', 'ament_prefix_path')
[0.250s] INFO:colcon.colcon_core.shell:Creating environment hook '/home/sami/session7/ros2-assignment7/install/walldetector/share/walldetector/hook/ament_prefix_path.ps1'
[0.251s] INFO:colcon.colcon_core.shell:Creating environment descriptor '/home/sami/session7/ros2-assignment7/install/walldetector/share/walldetector/hook/ament_prefix_path.dsv'
[0.251s] INFO:colcon.colcon_core.shell:Creating environment hook '/home/sami/session7/ros2-assignment7/install/walldetector/share/walldetector/hook/ament_prefix_path.sh'
[0.251s] INFO:colcon.colcon_core.shell:Skip shell extension 'powershell' for command environment: Not usable outside of PowerShell
[0.251s] DEBUG:colcon.colcon_core.shell:Skip shell extension 'dsv' for command environment
[0.256s] DEBUG:colcon.colcon_core.event_handler.log_command:Invoking command in '/home/sami/session7/ros2-assignment7/build/interfaces': CMAKE_PREFIX_PATH=${CMAKE_PREFIX_PATH}:/home/sami/session7/install/walldetector:/opt/ros/humble /usr/bin/cmake --build /home/sami/session7/ros2-assignment7/build/interfaces -- -j8 -l8
[0.460s] INFO:colcon.colcon_core.task.python.build:Building Python package in '/home/sami/session7/ros2-assignment7/src/walldetector'
[0.461s] INFO:colcon.colcon_core.shell:Skip shell extension 'powershell' for command environment: Not usable outside of PowerShell
[0.461s] DEBUG:colcon.colcon_core.shell:Skip shell extension 'dsv' for command environment
[0.516s] DEBUG:colcon.colcon_core.event_handler.log_command:Invoked command in '/home/sami/session7/ros2-assignment7/build/interfaces' returned '0': CMAKE_PREFIX_PATH=${CMAKE_PREFIX_PATH}:/home/sami/session7/install/walldetector:/opt/ros/humble /usr/bin/cmake --build /home/sami/session7/ros2-assignment7/build/interfaces -- -j8 -l8
[0.570s] DEBUG:colcon.colcon_core.event_handler.log_command:Invoking command in '/home/sami/session7/ros2-assignment7/build/interfaces': CMAKE_PREFIX_PATH=${CMAKE_PREFIX_PATH}:/home/sami/session7/install/walldetector:/opt/ros/humble /usr/bin/cmake --install /home/sami/session7/ros2-assignment7/build/interfaces
[0.605s] Level 1:colcon.colcon_core.environment:create_environment_scripts_only(interfaces)
[0.607s] DEBUG:colcon.colcon_core.event_handler.log_command:Invoked command in '/home/sami/session7/ros2-assignment7/build/interfaces' returned '0': CMAKE_PREFIX_PATH=${CMAKE_PREFIX_PATH}:/home/sami/session7/install/walldetector:/opt/ros/humble /usr/bin/cmake --install /home/sami/session7/ros2-assignment7/build/interfaces
[0.608s] Level 1:colcon.colcon_core.environment:checking '/home/sami/session7/ros2-assignment7/install/interfaces' for CMake module files
[0.608s] Level 1:colcon.colcon_core.environment:checking '/home/sami/session7/ros2-assignment7/install/interfaces' for CMake config files
[0.609s] Level 1:colcon.colcon_core.shell:create_environment_hook('interfaces', 'cmake_prefix_path')
[0.609s] INFO:colcon.colcon_core.shell:Creating environment hook '/home/sami/session7/ros2-assignment7/install/interfaces/share/interfaces/hook/cmake_prefix_path.ps1'
[0.609s] INFO:colcon.colcon_core.shell:Creating environment descriptor '/home/sami/session7/ros2-assignment7/install/interfaces/share/interfaces/hook/cmake_prefix_path.dsv'
[0.609s] INFO:colcon.colcon_core.shell:Creating environment hook '/home/sami/session7/ros2-assignment7/install/interfaces/share/interfaces/hook/cmake_prefix_path.sh'
[0.610s] Level 1:colcon.colcon_core.environment:checking '/home/sami/session7/ros2-assignment7/install/interfaces/lib'
[0.610s] Level 1:colcon.colcon_core.shell:create_environment_hook('interfaces', 'ld_library_path_lib')
[0.610s] INFO:colcon.colcon_core.shell:Creating environment hook '/home/sami/session7/ros2-assignment7/install/interfaces/share/interfaces/hook/ld_library_path_lib.ps1'
[0.610s] INFO:colcon.colcon_core.shell:Creating environment descriptor '/home/sami/session7/ros2-assignment7/install/interfaces/share/interfaces/hook/ld_library_path_lib.dsv'
[0.610s] INFO:colcon.colcon_core.shell:Creating environment hook '/home/sami/session7/ros2-assignment7/install/interfaces/share/interfaces/hook/ld_library_path_lib.sh'
[0.610s] Level 1:colcon.colcon_core.environment:checking '/home/sami/session7/ros2-assignment7/install/interfaces/bin'
[0.610s] Level 1:colcon.colcon_core.environment:checking '/home/sami/session7/ros2-assignment7/install/interfaces/lib/pkgconfig/interfaces.pc'
[0.611s] Level 1:colcon.colcon_core.environment:checking '/home/sami/session7/ros2-assignment7/install/interfaces/lib/python3.10/site-packages'
[0.611s] Level 1:colcon.colcon_core.environment:checking '/home/sami/session7/ros2-assignment7/install/interfaces/bin'
[0.611s] INFO:colcon.colcon_core.shell:Creating package script '/home/sami/session7/ros2-assignment7/install/interfaces/share/interfaces/package.ps1'
[0.612s] INFO:colcon.colcon_core.shell:Creating package descriptor '/home/sami/session7/ros2-assignment7/install/interfaces/share/interfaces/package.dsv'
[0.612s] INFO:colcon.colcon_core.shell:Creating package script '/home/sami/session7/ros2-assignment7/install/interfaces/share/interfaces/package.sh'
[0.612s] INFO:colcon.colcon_core.shell:Creating package script '/home/sami/session7/ros2-assignment7/install/interfaces/share/interfaces/package.bash'
[0.613s] INFO:colcon.colcon_core.shell:Creating package script '/home/sami/session7/ros2-assignment7/install/interfaces/share/interfaces/package.zsh'
[0.613s] Level 1:colcon.colcon_core.environment:create_file_with_runtime_dependencies(/home/sami/session7/ros2-assignment7/install/interfaces/share/colcon-core/packages/interfaces)
[0.660s] Level 1:colcon.colcon_core.environment:create_environment_scripts_only(interfaces)
[0.660s] Level 1:colcon.colcon_core.environment:checking '/home/sami/session7/ros2-assignment7/install/interfaces' for CMake module files
[0.660s] Level 1:colcon.colcon_core.environment:checking '/home/sami/session7/ros2-assignment7/install/interfaces' for CMake config files
[0.661s] Level 1:colcon.colcon_core.shell:create_environment_hook('interfaces', 'cmake_prefix_path')
[0.661s] INFO:colcon.colcon_core.shell:Creating environment hook '/home/sami/session7/ros2-assignment7/install/interfaces/share/interfaces/hook/cmake_prefix_path.ps1'
[0.661s] INFO:colcon.colcon_core.shell:Creating environment descriptor '/home/sami/session7/ros2-assignment7/install/interfaces/share/interfaces/hook/cmake_prefix_path.dsv'
[0.661s] INFO:colcon.colcon_core.shell:Creating environment hook '/home/sami/session7/ros2-assignment7/install/interfaces/share/interfaces/hook/cmake_prefix_path.sh'
[0.662s] Level 1:colcon.colcon_core.environment:checking '/home/sami/session7/ros2-assignment7/install/interfaces/lib'
[0.662s] Level 1:colcon.colcon_core.shell:create_environment_hook('interfaces', 'ld_library_path_lib')
[0.662s] INFO:colcon.colcon_core.shell:Creating environment hook '/home/sami/session7/ros2-assignment7/install/interfaces/share/interfaces/hook/ld_library_path_lib.ps1'
[0.662s] INFO:colcon.colcon_core.shell:Creating environment descriptor '/home/sami/session7/ros2-assignment7/install/interfaces/share/interfaces/hook/ld_library_path_lib.dsv'
[0.662s] INFO:colcon.colcon_core.shell:Creating environment hook '/home/sami/session7/ros2-assignment7/install/interfaces/share/interfaces/hook/ld_library_path_lib.sh'
[0.663s] Level 1:colcon.colcon_core.environment:checking '/home/sami/session7/ros2-assignment7/install/interfaces/bin'
[0.663s] Level 1:colcon.colcon_core.environment:checking '/home/sami/session7/ros2-assignment7/install/interfaces/lib/pkgconfig/interfaces.pc'
[0.663s] Level 1:colcon.colcon_core.environment:checking '/home/sami/session7/ros2-assignment7/install/interfaces/lib/python3.10/site-packages'
[0.663s] Level 1:colcon.colcon_core.environment:checking '/home/sami/session7/ros2-assignment7/install/interfaces/bin'
[0.663s] INFO:colcon.colcon_core.shell:Creating package script '/home/sami/session7/ros2-assignment7/install/interfaces/share/interfaces/package.ps1'
[0.663s] INFO:colcon.colcon_core.shell:Creating package descriptor '/home/sami/session7/ros2-assignment7/install/interfaces/share/interfaces/package.dsv'
[0.664s] INFO:colcon.colcon_core.shell:Creating package script '/home/sami/session7/ros2-assignment7/install/interfaces/share/interfaces/package.sh'
[0.664s] INFO:colcon.colcon_core.shell:Creating package script '/home/sami/session7/ros2-assignment7/install/interfaces/share/interfaces/package.bash'
[0.664s] INFO:colcon.colcon_core.shell:Creating package script '/home/sami/session7/ros2-assignment7/install/interfaces/share/interfaces/package.zsh'
[0.664s] Level 1:colcon.colcon_core.environment:create_file_with_runtime_dependencies(/home/sami/session7/ros2-assignment7/install/interfaces/share/colcon-core/packages/interfaces)
[0.697s] DEBUG:colcon.colcon_core.event_handler.log_command:Invoking command in '/home/sami/session7/ros2-assignment7/src/walldetector': PYTHONPATH=/home/sami/session7/ros2-assignment7/build/walldetector/prefix_override:/usr/lib/python3/dist-packages/colcon_core/task/python/colcon_distutils_commands:/home/sami/session7/ros2-assignment7/install/walldetector/lib/python3.10/site-packages:${PYTHONPATH} /usr/bin/python3 -W ignore:setup.py install is deprecated setup.py egg_info --egg-base ../../build/walldetector build --build-base /home/sami/session7/ros2-assignment7/build/walldetector/build install --record /home/sami/session7/ros2-assignment7/build/walldetector/install.log --single-version-externally-managed install_data
[0.888s] Level 1:colcon.colcon_core.environment:checking '/home/sami/session7/ros2-assignment7/install/walldetector' for CMake module files
[0.889s] DEBUG:colcon.colcon_core.event_handler.log_command:Invoked command in '/home/sami/session7/ros2-assignment7/src/walldetector' returned '0': PYTHONPATH=/home/sami/session7/ros2-assignment7/build/walldetector/prefix_override:/usr/lib/python3/dist-packages/colcon_core/task/python/colcon_distutils_commands:/home/sami/session7/ros2-assignment7/install/walldetector/lib/python3.10/site-packages:${PYTHONPATH} /usr/bin/python3 -W ignore:setup.py install is deprecated setup.py egg_info --egg-base ../../build/walldetector build --build-base /home/sami/session7/ros2-assignment7/build/walldetector/build install --record /home/sami/session7/ros2-assignment7/build/walldetector/install.log --single-version-externally-managed install_data
[0.889s] Level 1:colcon.colcon_core.environment:checking '/home/sami/session7/ros2-assignment7/install/walldetector' for CMake config files
[0.889s] Level 1:colcon.colcon_core.environment:checking '/home/sami/session7/ros2-assignment7/install/walldetector/lib'
[0.889s] Level 1:colcon.colcon_core.environment:checking '/home/sami/session7/ros2-assignment7/install/walldetector/bin'
[0.889s] Level 1:colcon.colcon_core.environment:checking '/home/sami/session7/ros2-assignment7/install/walldetector/lib/pkgconfig/walldetector.pc'
[0.890s] Level 1:colcon.colcon_core.environment:checking '/home/sami/session7/ros2-assignment7/install/walldetector/lib/python3.10/site-packages'
[0.890s] Level 1:colcon.colcon_core.shell:create_environment_hook('walldetector', 'pythonpath')
[0.890s] INFO:colcon.colcon_core.shell:Creating environment hook '/home/sami/session7/ros2-assignment7/install/walldetector/share/walldetector/hook/pythonpath.ps1'
[0.890s] INFO:colcon.colcon_core.shell:Creating environment descriptor '/home/sami/session7/ros2-assignment7/install/walldetector/share/walldetector/hook/pythonpath.dsv'
[0.890s] INFO:colcon.colcon_core.shell:Creating environment hook '/home/sami/session7/ros2-assignment7/install/walldetector/share/walldetector/hook/pythonpath.sh'
[0.890s] Level 1:colcon.colcon_core.environment:checking '/home/sami/session7/ros2-assignment7/install/walldetector/bin'
[0.891s] Level 1:colcon.colcon_core.environment:create_environment_scripts_only(walldetector)
[0.891s] INFO:colcon.colcon_core.shell:Creating package script '/home/sami/session7/ros2-assignment7/install/walldetector/share/walldetector/package.ps1'
[0.891s] INFO:colcon.colcon_core.shell:Creating package descriptor '/home/sami/session7/ros2-assignment7/install/walldetector/share/walldetector/package.dsv'
[0.891s] INFO:colcon.colcon_core.shell:Creating package script '/home/sami/session7/ros2-assignment7/install/walldetector/share/walldetector/package.sh'
[0.891s] INFO:colcon.colcon_core.shell:Creating package script '/home/sami/session7/ros2-assignment7/install/walldetector/share/walldetector/package.bash'
[0.892s] INFO:colcon.colcon_core.shell:Creating package script '/home/sami/session7/ros2-assignment7/install/walldetector/share/walldetector/package.zsh'
[0.892s] Level 1:colcon.colcon_core.environment:create_file_with_runtime_dependencies(/home/sami/session7/ros2-assignment7/install/walldetector/share/colcon-core/packages/walldetector)
[0.892s] DEBUG:colcon.colcon_parallel_executor.executor.parallel:closing loop
[0.892s] DEBUG:colcon.colcon_parallel_executor.executor.parallel:loop closed
[0.892s] DEBUG:colcon.colcon_parallel_executor.executor.parallel:run_until_complete finished with '0'
[0.892s] DEBUG:colcon.colcon_core.event_reactor:joining thread
[0.896s] INFO:colcon.colcon_core.plugin_system:Skipping extension 'colcon_notification.desktop_notification.terminal_notifier': Not used on non-Darwin systems
[0.896s] INFO:colcon.colcon_core.plugin_system:Skipping extension 'colcon_notification.desktop_notification.win32': Not used on non-Windows systems
[0.896s] INFO:colcon.colcon_notification.desktop_notification:Sending desktop notification using 'notify2'
[0.904s] DEBUG:colcon.colcon_core.event_reactor:joined thread
[0.904s] INFO:colcon.colcon_core.shell:Creating prefix script '/home/sami/session7/ros2-assignment7/install/local_setup.ps1'
[0.905s] INFO:colcon.colcon_core.shell:Creating prefix util module '/home/sami/session7/ros2-assignment7/install/_local_setup_util_ps1.py'
[0.906s] INFO:colcon.colcon_core.shell:Creating prefix chain script '/home/sami/session7/ros2-assignment7/install/setup.ps1'
[0.906s] INFO:colcon.colcon_core.shell:Creating prefix script '/home/sami/session7/ros2-assignment7/install/local_setup.sh'
[0.907s] INFO:colcon.colcon_core.shell:Creating prefix util module '/home/sami/session7/ros2-assignment7/install/_local_setup_util_sh.py'
[0.907s] INFO:colcon.colcon_core.shell:Creating prefix chain script '/home/sami/session7/ros2-assignment7/install/setup.sh'
[0.908s] INFO:colcon.colcon_core.shell:Creating prefix script '/home/sami/session7/ros2-assignment7/install/local_setup.bash'
[0.908s] INFO:colcon.colcon_core.shell:Creating prefix chain script '/home/sami/session7/ros2-assignment7/install/setup.bash'
[0.908s] INFO:colcon.colcon_core.shell:Creating prefix script '/home/sami/session7/ros2-assignment7/install/local_setup.zsh'
[0.909s] INFO:colcon.colcon_core.shell:Creating prefix chain script '/home/sami/session7/ros2-assignment7/install/setup.zsh'
