[0.392s] Invoking command in '/home/sami/session7/src/walldetector': PYTHONPATH=/home/sami/session7/build/walldetector/prefix_override:/usr/lib/python3/dist-packages/colcon_core/task/python/colcon_distutils_commands:/home/sami/session7/install/walldetector/lib/python3.10/site-packages:${PYTHONPATH} /usr/bin/python3 -W ignore:setup.py install is deprecated setup.py egg_info --egg-base ../../build/walldetector build --build-base /home/sami/session7/build/walldetector/build install --record /home/sami/session7/build/walldetector/install.log --single-version-externally-managed install_data
[0.535s] running egg_info
[0.535s] creating ../../build/walldetector/walldetector.egg-info
[0.535s] writing ../../build/walldetector/walldetector.egg-info/PKG-INFO
[0.535s] writing dependency_links to ../../build/walldetector/walldetector.egg-info/dependency_links.txt
[0.535s] writing entry points to ../../build/walldetector/walldetector.egg-info/entry_points.txt
[0.535s] writing requirements to ../../build/walldetector/walldetector.egg-info/requires.txt
[0.535s] writing top-level names to ../../build/walldetector/walldetector.egg-info/top_level.txt
[0.535s] writing manifest file '../../build/walldetector/walldetector.egg-info/SOURCES.txt'
[0.536s] reading manifest file '../../build/walldetector/walldetector.egg-info/SOURCES.txt'
[0.537s] writing manifest file '../../build/walldetector/walldetector.egg-info/SOURCES.txt'
[0.537s] running build
[0.537s] running build_py
[0.537s] creating /home/sami/session7/build/walldetector/build
[0.537s] creating /home/sami/session7/build/walldetector/build/lib
[0.537s] creating /home/sami/session7/build/walldetector/build/lib/walldetector
[0.537s] copying walldetector/follower.py -> /home/sami/session7/build/walldetector/build/lib/walldetector
[0.537s] copying walldetector/finder.py -> /home/sami/session7/build/walldetector/build/lib/walldetector
[0.537s] copying walldetector/__init__.py -> /home/sami/session7/build/walldetector/build/lib/walldetector
[0.537s] copying walldetector/laptime_server.py -> /home/sami/session7/build/walldetector/build/lib/walldetector
[0.537s] copying walldetector/laptime_client.py -> /home/sami/session7/build/walldetector/build/lib/walldetector
[0.537s] running install
[0.538s] running install_lib
[0.538s] creating /home/sami/session7/install/walldetector/lib/python3.10/site-packages/walldetector
[0.538s] copying /home/sami/session7/build/walldetector/build/lib/walldetector/follower.py -> /home/sami/session7/install/walldetector/lib/python3.10/site-packages/walldetector
[0.538s] copying /home/sami/session7/build/walldetector/build/lib/walldetector/finder.py -> /home/sami/session7/install/walldetector/lib/python3.10/site-packages/walldetector
[0.538s] copying /home/sami/session7/build/walldetector/build/lib/walldetector/__init__.py -> /home/sami/session7/install/walldetector/lib/python3.10/site-packages/walldetector
[0.538s] copying /home/sami/session7/build/walldetector/build/lib/walldetector/laptime_server.py -> /home/sami/session7/install/walldetector/lib/python3.10/site-packages/walldetector
[0.538s] copying /home/sami/session7/build/walldetector/build/lib/walldetector/laptime_client.py -> /home/sami/session7/install/walldetector/lib/python3.10/site-packages/walldetector
[0.539s] byte-compiling /home/sami/session7/install/walldetector/lib/python3.10/site-packages/walldetector/follower.py to follower.cpython-310.pyc
[0.539s] byte-compiling /home/sami/session7/install/walldetector/lib/python3.10/site-packages/walldetector/finder.py to finder.cpython-310.pyc
[0.539s] byte-compiling /home/sami/session7/install/walldetector/lib/python3.10/site-packages/walldetector/__init__.py to __init__.cpython-310.pyc
[0.539s] byte-compiling /home/sami/session7/install/walldetector/lib/python3.10/site-packages/walldetector/laptime_server.py to laptime_server.cpython-310.pyc
[0.540s] byte-compiling /home/sami/session7/install/walldetector/lib/python3.10/site-packages/walldetector/laptime_client.py to laptime_client.cpython-310.pyc
[0.540s] running install_data
[0.540s] creating /home/sami/session7/install/walldetector/share/ament_index
[0.540s] creating /home/sami/session7/install/walldetector/share/ament_index/resource_index
[0.540s] creating /home/sami/session7/install/walldetector/share/ament_index/resource_index/packages
[0.540s] copying resource/walldetector -> /home/sami/session7/install/walldetector/share/ament_index/resource_index/packages
[0.540s] copying package.xml -> /home/sami/session7/install/walldetector/share/walldetector
[0.540s] running install_egg_info
[0.541s] Copying ../../build/walldetector/walldetector.egg-info to /home/sami/session7/install/walldetector/lib/python3.10/site-packages/walldetector-0.0.0-py3.10.egg-info
[0.542s] running install_scripts
[0.555s] writing list of installed files to '/home/sami/session7/build/walldetector/install.log'
[0.572s] Invoked command in '/home/sami/session7/src/walldetector' returned '0': PYTHONPATH=/home/sami/session7/build/walldetector/prefix_override:/usr/lib/python3/dist-packages/colcon_core/task/python/colcon_distutils_commands:/home/sami/session7/install/walldetector/lib/python3.10/site-packages:${PYTHONPATH} /usr/bin/python3 -W ignore:setup.py install is deprecated setup.py egg_info --egg-base ../../build/walldetector build --build-base /home/sami/session7/build/walldetector/build install --record /home/sami/session7/build/walldetector/install.log --single-version-externally-managed install_data
