[0.481s] Invoking command in '/home/sami/session7/ros2-assignment7/src/walldetector': PYTHONPATH=/home/sami/session7/ros2-assignment7/build/walldetector/prefix_override:/usr/lib/python3/dist-packages/colcon_core/task/python/colcon_distutils_commands:/home/sami/session7/ros2-assignment7/install/walldetector/lib/python3.10/site-packages:${PYTHONPATH} /usr/bin/python3 -W ignore:setup.py install is deprecated setup.py egg_info --egg-base ../../build/walldetector build --build-base /home/sami/session7/ros2-assignment7/build/walldetector/build install --record /home/sami/session7/ros2-assignment7/build/walldetector/install.log --single-version-externally-managed install_data
[0.638s] running egg_info
[0.638s] writing ../../build/walldetector/walldetector.egg-info/PKG-INFO
[0.638s] writing dependency_links to ../../build/walldetector/walldetector.egg-info/dependency_links.txt
[0.638s] writing entry points to ../../build/walldetector/walldetector.egg-info/entry_points.txt
[0.638s] writing requirements to ../../build/walldetector/walldetector.egg-info/requires.txt
[0.638s] writing top-level names to ../../build/walldetector/walldetector.egg-info/top_level.txt
[0.639s] reading manifest file '../../build/walldetector/walldetector.egg-info/SOURCES.txt'
[0.640s] writing manifest file '../../build/walldetector/walldetector.egg-info/SOURCES.txt'
[0.640s] running build
[0.640s] running build_py
[0.640s] copying walldetector/follower.py -> /home/sami/session7/ros2-assignment7/build/walldetector/build/lib/walldetector
[0.640s] copying walldetector/finder.py -> /home/sami/session7/ros2-assignment7/build/walldetector/build/lib/walldetector
[0.640s] copying walldetector/laptime_server.py -> /home/sami/session7/ros2-assignment7/build/walldetector/build/lib/walldetector
[0.641s] copying walldetector/laptime_client.py -> /home/sami/session7/ros2-assignment7/build/walldetector/build/lib/walldetector
[0.641s] running install
[0.641s] running install_lib
[0.642s] copying /home/sami/session7/ros2-assignment7/build/walldetector/build/lib/walldetector/follower.py -> /home/sami/session7/ros2-assignment7/install/walldetector/lib/python3.10/site-packages/walldetector
[0.642s] copying /home/sami/session7/ros2-assignment7/build/walldetector/build/lib/walldetector/finder.py -> /home/sami/session7/ros2-assignment7/install/walldetector/lib/python3.10/site-packages/walldetector
[0.642s] copying /home/sami/session7/ros2-assignment7/build/walldetector/build/lib/walldetector/laptime_server.py -> /home/sami/session7/ros2-assignment7/install/walldetector/lib/python3.10/site-packages/walldetector
[0.642s] copying /home/sami/session7/ros2-assignment7/build/walldetector/build/lib/walldetector/laptime_client.py -> /home/sami/session7/ros2-assignment7/install/walldetector/lib/python3.10/site-packages/walldetector
[0.642s] byte-compiling /home/sami/session7/ros2-assignment7/install/walldetector/lib/python3.10/site-packages/walldetector/follower.py to follower.cpython-310.pyc
[0.643s] byte-compiling /home/sami/session7/ros2-assignment7/install/walldetector/lib/python3.10/site-packages/walldetector/finder.py to finder.cpython-310.pyc
[0.643s] byte-compiling /home/sami/session7/ros2-assignment7/install/walldetector/lib/python3.10/site-packages/walldetector/laptime_server.py to laptime_server.cpython-310.pyc
[0.644s] byte-compiling /home/sami/session7/ros2-assignment7/install/walldetector/lib/python3.10/site-packages/walldetector/laptime_client.py to laptime_client.cpython-310.pyc
[0.644s] running install_data
[0.644s] running install_egg_info
[0.645s] removing '/home/sami/session7/ros2-assignment7/install/walldetector/lib/python3.10/site-packages/walldetector-0.0.0-py3.10.egg-info' (and everything under it)
[0.645s] Copying ../../build/walldetector/walldetector.egg-info to /home/sami/session7/ros2-assignment7/install/walldetector/lib/python3.10/site-packages/walldetector-0.0.0-py3.10.egg-info
[0.646s] running install_scripts
[0.662s] Installing finder script to /home/sami/session7/ros2-assignment7/install/walldetector/lib/walldetector
[0.662s] Installing follower script to /home/sami/session7/ros2-assignment7/install/walldetector/lib/walldetector
[0.662s] Installing laptime_client script to /home/sami/session7/ros2-assignment7/install/walldetector/lib/walldetector
[0.662s] Installing laptime_server script to /home/sami/session7/ros2-assignment7/install/walldetector/lib/walldetector
[0.662s] writing list of installed files to '/home/sami/session7/ros2-assignment7/build/walldetector/install.log'
[0.681s] Invoked command in '/home/sami/session7/ros2-assignment7/src/walldetector' returned '0': PYTHONPATH=/home/sami/session7/ros2-assignment7/build/walldetector/prefix_override:/usr/lib/python3/dist-packages/colcon_core/task/python/colcon_distutils_commands:/home/sami/session7/ros2-assignment7/install/walldetector/lib/python3.10/site-packages:${PYTHONPATH} /usr/bin/python3 -W ignore:setup.py install is deprecated setup.py egg_info --egg-base ../../build/walldetector build --build-base /home/sami/session7/ros2-assignment7/build/walldetector/build install --record /home/sami/session7/ros2-assignment7/build/walldetector/install.log --single-version-externally-managed install_data
