[  7%] Built target interfaces__cpp
[ 12%] Built target interfaces__rosidl_generator_c
[ 12%] Built target ament_cmake_python_copy_interfaces
[ 43%] Built target interfaces__rosidl_typesupport_fastrtps_c
[ 43%] Built target interfaces__rosidl_typesupport_c
[ 43%] Built target interfaces__rosidl_typesupport_introspection_c
[ 53%] Built target interfaces__rosidl_typesupport_introspection_cpp
[ 64%] Built target interfaces__rosidl_typesupport_fastrtps_cpp
[ 74%] Built target interfaces__rosidl_typesupport_cpp
[ 74%] Built target interfaces
[ 76%] Built target interfaces__py
[ 84%] Built target interfaces__rosidl_generator_py
[ 89%] Built target interfaces__rosidl_typesupport_c__pyext
[ 94%] Built target interfaces__rosidl_typesupport_fastrtps_c__pyext
[100%] Built target interfaces__rosidl_typesupport_introspection_c__pyext
running egg_info
writing interfaces.egg-info/PKG-INFO
writing dependency_links to interfaces.egg-info/dependency_links.txt
writing top-level names to interfaces.egg-info/top_level.txt
reading manifest file 'interfaces.egg-info/SOURCES.txt'
writing manifest file 'interfaces.egg-info/SOURCES.txt'
[100%] Built target ament_cmake_python_build_interfaces_egg
-- Install configuration: ""
-- Up-to-date: /home/sami/session7/ros2-assignment7/install/interfaces/share/ament_index/resource_index/rosidl_interfaces/interfaces
-- Up-to-date: /home/sami/session7/ros2-assignment7/install/interfaces/include/interfaces/interfaces
-- Up-to-date: /home/sami/session7/ros2-assignment7/install/interfaces/include/interfaces/interfaces/srv
-- Up-to-date: /home/sami/session7/ros2-assignment7/install/interfaces/include/interfaces/interfaces/srv/detail
-- Up-to-date: /home/sami/session7/ros2-assignment7/install/interfaces/include/interfaces/interfaces/srv/detail/find_closest_wall__type_support.h
-- Up-to-date: /home/sami/session7/ros2-assignment7/install/interfaces/include/interfaces/interfaces/srv/detail/find_closest_wall__functions.c
-- Up-to-date: /home/sami/session7/ros2-assignment7/install/interfaces/include/interfaces/interfaces/srv/detail/find_closest_wall__struct.h
-- Up-to-date: /home/sami/session7/ros2-assignment7/install/interfaces/include/interfaces/interfaces/srv/detail/find_closest_wall__functions.h
-- Up-to-date: /home/sami/session7/ros2-assignment7/install/interfaces/include/interfaces/interfaces/srv/find_closest_wall.h
-- Up-to-date: /home/sami/session7/ros2-assignment7/install/interfaces/include/interfaces/interfaces/action
-- Up-to-date: /home/sami/session7/ros2-assignment7/install/interfaces/include/interfaces/interfaces/action/lap_time.h
-- Up-to-date: /home/sami/session7/ros2-assignment7/install/interfaces/include/interfaces/interfaces/action/detail
-- Up-to-date: /home/sami/session7/ros2-assignment7/install/interfaces/include/interfaces/interfaces/action/detail/lap_time__struct.h
-- Up-to-date: /home/sami/session7/ros2-assignment7/install/interfaces/include/interfaces/interfaces/action/detail/lap_time__functions.c
-- Up-to-date: /home/sami/session7/ros2-assignment7/install/interfaces/include/interfaces/interfaces/action/detail/lap_time__functions.h
-- Up-to-date: /home/sami/session7/ros2-assignment7/install/interfaces/include/interfaces/interfaces/action/detail/lap_time__type_support.h
-- Up-to-date: /home/sami/session7/ros2-assignment7/install/interfaces/include/interfaces/interfaces/msg
-- Up-to-date: /home/sami/session7/ros2-assignment7/install/interfaces/include/interfaces/interfaces/msg/rosidl_generator_c__visibility_control.h
-- Up-to-date: /home/sami/session7/ros2-assignment7/install/interfaces/share/interfaces/environment/library_path.sh
-- Up-to-date: /home/sami/session7/ros2-assignment7/install/interfaces/share/interfaces/environment/library_path.dsv
-- Up-to-date: /home/sami/session7/ros2-assignment7/install/interfaces/lib/libinterfaces__rosidl_generator_c.so
-- Up-to-date: /home/sami/session7/ros2-assignment7/install/interfaces/include/interfaces/interfaces
-- Up-to-date: /home/sami/session7/ros2-assignment7/install/interfaces/include/interfaces/interfaces/srv
-- Up-to-date: /home/sami/session7/ros2-assignment7/install/interfaces/include/interfaces/interfaces/srv/detail
-- Up-to-date: /home/sami/session7/ros2-assignment7/install/interfaces/include/interfaces/interfaces/srv/detail/find_closest_wall__rosidl_typesupport_fastrtps_c.h
-- Up-to-date: /home/sami/session7/ros2-assignment7/install/interfaces/include/interfaces/interfaces/action
-- Up-to-date: /home/sami/session7/ros2-assignment7/install/interfaces/include/interfaces/interfaces/action/detail
-- Up-to-date: /home/sami/session7/ros2-assignment7/install/interfaces/include/interfaces/interfaces/action/detail/lap_time__rosidl_typesupport_fastrtps_c.h
-- Up-to-date: /home/sami/session7/ros2-assignment7/install/interfaces/include/interfaces/interfaces/msg
-- Up-to-date: /home/sami/session7/ros2-assignment7/install/interfaces/include/interfaces/interfaces/msg/rosidl_typesupport_fastrtps_c__visibility_control.h
-- Up-to-date: /home/sami/session7/ros2-assignment7/install/interfaces/lib/libinterfaces__rosidl_typesupport_fastrtps_c.so
-- Up-to-date: /home/sami/session7/ros2-assignment7/install/interfaces/include/interfaces/interfaces
-- Up-to-date: /home/sami/session7/ros2-assignment7/install/interfaces/include/interfaces/interfaces/srv
-- Up-to-date: /home/sami/session7/ros2-assignment7/install/interfaces/include/interfaces/interfaces/srv/detail
-- Up-to-date: /home/sami/session7/ros2-assignment7/install/interfaces/include/interfaces/interfaces/srv/detail/find_closest_wall__rosidl_typesupport_introspection_c.h
-- Up-to-date: /home/sami/session7/ros2-assignment7/install/interfaces/include/interfaces/interfaces/srv/detail/find_closest_wall__type_support.c
-- Up-to-date: /home/sami/session7/ros2-assignment7/install/interfaces/include/interfaces/interfaces/action
-- Up-to-date: /home/sami/session7/ros2-assignment7/install/interfaces/include/interfaces/interfaces/action/detail
-- Up-to-date: /home/sami/session7/ros2-assignment7/install/interfaces/include/interfaces/interfaces/action/detail/lap_time__type_support.c
-- Up-to-date: /home/sami/session7/ros2-assignment7/install/interfaces/include/interfaces/interfaces/action/detail/lap_time__rosidl_typesupport_introspection_c.h
-- Up-to-date: /home/sami/session7/ros2-assignment7/install/interfaces/include/interfaces/interfaces/msg
-- Up-to-date: /home/sami/session7/ros2-assignment7/install/interfaces/include/interfaces/interfaces/msg/rosidl_typesupport_introspection_c__visibility_control.h
-- Up-to-date: /home/sami/session7/ros2-assignment7/install/interfaces/lib/libinterfaces__rosidl_typesupport_introspection_c.so
-- Up-to-date: /home/sami/session7/ros2-assignment7/install/interfaces/lib/libinterfaces__rosidl_typesupport_c.so
-- Up-to-date: /home/sami/session7/ros2-assignment7/install/interfaces/include/interfaces/interfaces
-- Up-to-date: /home/sami/session7/ros2-assignment7/install/interfaces/include/interfaces/interfaces/srv
-- Up-to-date: /home/sami/session7/ros2-assignment7/install/interfaces/include/interfaces/interfaces/srv/detail
-- Up-to-date: /home/sami/session7/ros2-assignment7/install/interfaces/include/interfaces/interfaces/srv/detail/find_closest_wall__builder.hpp
-- Up-to-date: /home/sami/session7/ros2-assignment7/install/interfaces/include/interfaces/interfaces/srv/detail/find_closest_wall__struct.hpp
-- Up-to-date: /home/sami/session7/ros2-assignment7/install/interfaces/include/interfaces/interfaces/srv/detail/find_closest_wall__traits.hpp
-- Up-to-date: /home/sami/session7/ros2-assignment7/install/interfaces/include/interfaces/interfaces/srv/find_closest_wall.hpp
-- Up-to-date: /home/sami/session7/ros2-assignment7/install/interfaces/include/interfaces/interfaces/action
-- Up-to-date: /home/sami/session7/ros2-assignment7/install/interfaces/include/interfaces/interfaces/action/lap_time.hpp
-- Up-to-date: /home/sami/session7/ros2-assignment7/install/interfaces/include/interfaces/interfaces/action/detail
-- Up-to-date: /home/sami/session7/ros2-assignment7/install/interfaces/include/interfaces/interfaces/action/detail/lap_time__struct.hpp
-- Up-to-date: /home/sami/session7/ros2-assignment7/install/interfaces/include/interfaces/interfaces/action/detail/lap_time__builder.hpp
-- Up-to-date: /home/sami/session7/ros2-assignment7/install/interfaces/include/interfaces/interfaces/action/detail/lap_time__traits.hpp
-- Up-to-date: /home/sami/session7/ros2-assignment7/install/interfaces/include/interfaces/interfaces
-- Up-to-date: /home/sami/session7/ros2-assignment7/install/interfaces/include/interfaces/interfaces/srv
-- Up-to-date: /home/sami/session7/ros2-assignment7/install/interfaces/include/interfaces/interfaces/srv/detail
-- Up-to-date: /home/sami/session7/ros2-assignment7/install/interfaces/include/interfaces/interfaces/srv/detail/dds_fastrtps
-- Up-to-date: /home/sami/session7/ros2-assignment7/install/interfaces/include/interfaces/interfaces/srv/detail/find_closest_wall__rosidl_typesupport_fastrtps_cpp.hpp
-- Up-to-date: /home/sami/session7/ros2-assignment7/install/interfaces/include/interfaces/interfaces/action
-- Up-to-date: /home/sami/session7/ros2-assignment7/install/interfaces/include/interfaces/interfaces/action/detail
-- Up-to-date: /home/sami/session7/ros2-assignment7/install/interfaces/include/interfaces/interfaces/action/detail/dds_fastrtps
-- Up-to-date: /home/sami/session7/ros2-assignment7/install/interfaces/include/interfaces/interfaces/action/detail/lap_time__rosidl_typesupport_fastrtps_cpp.hpp
-- Up-to-date: /home/sami/session7/ros2-assignment7/install/interfaces/include/interfaces/interfaces/msg
-- Up-to-date: /home/sami/session7/ros2-assignment7/install/interfaces/include/interfaces/interfaces/msg/rosidl_typesupport_fastrtps_cpp__visibility_control.h
-- Up-to-date: /home/sami/session7/ros2-assignment7/install/interfaces/lib/libinterfaces__rosidl_typesupport_fastrtps_cpp.so
-- Up-to-date: /home/sami/session7/ros2-assignment7/install/interfaces/include/interfaces/interfaces
-- Up-to-date: /home/sami/session7/ros2-assignment7/install/interfaces/include/interfaces/interfaces/srv
-- Up-to-date: /home/sami/session7/ros2-assignment7/install/interfaces/include/interfaces/interfaces/srv/detail
-- Up-to-date: /home/sami/session7/ros2-assignment7/install/interfaces/include/interfaces/interfaces/srv/detail/find_closest_wall__rosidl_typesupport_introspection_cpp.hpp
-- Up-to-date: /home/sami/session7/ros2-assignment7/install/interfaces/include/interfaces/interfaces/srv/detail/find_closest_wall__type_support.cpp
-- Up-to-date: /home/sami/session7/ros2-assignment7/install/interfaces/include/interfaces/interfaces/action
-- Up-to-date: /home/sami/session7/ros2-assignment7/install/interfaces/include/interfaces/interfaces/action/detail
-- Up-to-date: /home/sami/session7/ros2-assignment7/install/interfaces/include/interfaces/interfaces/action/detail/lap_time__rosidl_typesupport_introspection_cpp.hpp
-- Up-to-date: /home/sami/session7/ros2-assignment7/install/interfaces/include/interfaces/interfaces/action/detail/lap_time__type_support.cpp
-- Up-to-date: /home/sami/session7/ros2-assignment7/install/interfaces/lib/libinterfaces__rosidl_typesupport_introspection_cpp.so
-- Up-to-date: /home/sami/session7/ros2-assignment7/install/interfaces/lib/libinterfaces__rosidl_typesupport_cpp.so
-- Up-to-date: /home/sami/session7/ros2-assignment7/install/interfaces/share/interfaces/environment/pythonpath.sh
-- Up-to-date: /home/sami/session7/ros2-assignment7/install/interfaces/share/interfaces/environment/pythonpath.dsv
-- Up-to-date: /home/sami/session7/ros2-assignment7/install/interfaces/local/lib/python3.10/dist-packages/interfaces-0.0.0-py3.10.egg-info
-- Installing: /home/sami/session7/ros2-assignment7/install/interfaces/local/lib/python3.10/dist-packages/interfaces-0.0.0-py3.10.egg-info/top_level.txt
-- Installing: /home/sami/session7/ros2-assignment7/install/interfaces/local/lib/python3.10/dist-packages/interfaces-0.0.0-py3.10.egg-info/PKG-INFO
-- Installing: /home/sami/session7/ros2-assignment7/install/interfaces/local/lib/python3.10/dist-packages/interfaces-0.0.0-py3.10.egg-info/SOURCES.txt
-- Installing: /home/sami/session7/ros2-assignment7/install/interfaces/local/lib/python3.10/dist-packages/interfaces-0.0.0-py3.10.egg-info/dependency_links.txt
-- Up-to-date: /home/sami/session7/ros2-assignment7/install/interfaces/local/lib/python3.10/dist-packages/interfaces
-- Up-to-date: /home/sami/session7/ros2-assignment7/install/interfaces/local/lib/python3.10/dist-packages/interfaces/srv
-- Up-to-date: /home/sami/session7/ros2-assignment7/install/interfaces/local/lib/python3.10/dist-packages/interfaces/srv/_find_closest_wall.py
-- Up-to-date: /home/sami/session7/ros2-assignment7/install/interfaces/local/lib/python3.10/dist-packages/interfaces/srv/__init__.py
-- Up-to-date: /home/sami/session7/ros2-assignment7/install/interfaces/local/lib/python3.10/dist-packages/interfaces/srv/_find_closest_wall_s.c
-- Up-to-date: /home/sami/session7/ros2-assignment7/install/interfaces/local/lib/python3.10/dist-packages/interfaces/interfaces_s__rosidl_typesupport_fastrtps_c.cpython-310-x86_64-linux-gnu.so
-- Up-to-date: /home/sami/session7/ros2-assignment7/install/interfaces/local/lib/python3.10/dist-packages/interfaces/interfaces_s__rosidl_typesupport_c.cpython-310-x86_64-linux-gnu.so
-- Up-to-date: /home/sami/session7/ros2-assignment7/install/interfaces/local/lib/python3.10/dist-packages/interfaces/_interfaces_s.ep.rosidl_typesupport_c.c
-- Up-to-date: /home/sami/session7/ros2-assignment7/install/interfaces/local/lib/python3.10/dist-packages/interfaces/action
-- Up-to-date: /home/sami/session7/ros2-assignment7/install/interfaces/local/lib/python3.10/dist-packages/interfaces/action/_lap_time_s.c
-- Up-to-date: /home/sami/session7/ros2-assignment7/install/interfaces/local/lib/python3.10/dist-packages/interfaces/action/_lap_time.py
-- Up-to-date: /home/sami/session7/ros2-assignment7/install/interfaces/local/lib/python3.10/dist-packages/interfaces/action/__init__.py
-- Up-to-date: /home/sami/session7/ros2-assignment7/install/interfaces/local/lib/python3.10/dist-packages/interfaces/_interfaces_s.ep.rosidl_typesupport_fastrtps_c.c
-- Up-to-date: /home/sami/session7/ros2-assignment7/install/interfaces/local/lib/python3.10/dist-packages/interfaces/_interfaces_s.ep.rosidl_typesupport_introspection_c.c
-- Up-to-date: /home/sami/session7/ros2-assignment7/install/interfaces/local/lib/python3.10/dist-packages/interfaces/interfaces_s__rosidl_typesupport_introspection_c.cpython-310-x86_64-linux-gnu.so
-- Up-to-date: /home/sami/session7/ros2-assignment7/install/interfaces/local/lib/python3.10/dist-packages/interfaces/__init__.py
-- Up-to-date: /home/sami/session7/ros2-assignment7/install/interfaces/local/lib/python3.10/dist-packages/interfaces/libinterfaces__rosidl_generator_py.so
Listing '/home/sami/session7/ros2-assignment7/install/interfaces/local/lib/python3.10/dist-packages/interfaces'...
Listing '/home/sami/session7/ros2-assignment7/install/interfaces/local/lib/python3.10/dist-packages/interfaces/action'...
Listing '/home/sami/session7/ros2-assignment7/install/interfaces/local/lib/python3.10/dist-packages/interfaces/srv'...
-- Up-to-date: /home/sami/session7/ros2-assignment7/install/interfaces/local/lib/python3.10/dist-packages/interfaces/interfaces_s__rosidl_typesupport_fastrtps_c.cpython-310-x86_64-linux-gnu.so
-- Up-to-date: /home/sami/session7/ros2-assignment7/install/interfaces/local/lib/python3.10/dist-packages/interfaces/interfaces_s__rosidl_typesupport_introspection_c.cpython-310-x86_64-linux-gnu.so
-- Up-to-date: /home/sami/session7/ros2-assignment7/install/interfaces/local/lib/python3.10/dist-packages/interfaces/interfaces_s__rosidl_typesupport_c.cpython-310-x86_64-linux-gnu.so
-- Up-to-date: /home/sami/session7/ros2-assignment7/install/interfaces/lib/libinterfaces__rosidl_generator_py.so
-- Up-to-date: /home/sami/session7/ros2-assignment7/install/interfaces/share/interfaces/action/LapTime.idl
-- Up-to-date: /home/sami/session7/ros2-assignment7/install/interfaces/share/interfaces/srv/FindClosestWall.idl
-- Up-to-date: /home/sami/session7/ros2-assignment7/install/interfaces/share/interfaces/action/LapTime.action
-- Up-to-date: /home/sami/session7/ros2-assignment7/install/interfaces/share/interfaces/srv/FindClosestWall.srv
-- Up-to-date: /home/sami/session7/ros2-assignment7/install/interfaces/share/interfaces/srv/FindClosestWall_Request.msg
-- Up-to-date: /home/sami/session7/ros2-assignment7/install/interfaces/share/interfaces/srv/FindClosestWall_Response.msg
-- Up-to-date: /home/sami/session7/ros2-assignment7/install/interfaces/share/ament_index/resource_index/package_run_dependencies/interfaces
-- Up-to-date: /home/sami/session7/ros2-assignment7/install/interfaces/share/ament_index/resource_index/parent_prefix_path/interfaces
-- Up-to-date: /home/sami/session7/ros2-assignment7/install/interfaces/share/interfaces/environment/ament_prefix_path.sh
-- Up-to-date: /home/sami/session7/ros2-assignment7/install/interfaces/share/interfaces/environment/ament_prefix_path.dsv
-- Up-to-date: /home/sami/session7/ros2-assignment7/install/interfaces/share/interfaces/environment/path.sh
-- Up-to-date: /home/sami/session7/ros2-assignment7/install/interfaces/share/interfaces/environment/path.dsv
-- Up-to-date: /home/sami/session7/ros2-assignment7/install/interfaces/share/interfaces/local_setup.bash
-- Up-to-date: /home/sami/session7/ros2-assignment7/install/interfaces/share/interfaces/local_setup.sh
-- Up-to-date: /home/sami/session7/ros2-assignment7/install/interfaces/share/interfaces/local_setup.zsh
-- Up-to-date: /home/sami/session7/ros2-assignment7/install/interfaces/share/interfaces/local_setup.dsv
-- Installing: /home/sami/session7/ros2-assignment7/install/interfaces/share/interfaces/package.dsv
-- Up-to-date: /home/sami/session7/ros2-assignment7/install/interfaces/share/ament_index/resource_index/packages/interfaces
-- Up-to-date: /home/sami/session7/ros2-assignment7/install/interfaces/share/interfaces/cmake/export_interfaces__rosidl_generator_cExport.cmake
-- Up-to-date: /home/sami/session7/ros2-assignment7/install/interfaces/share/interfaces/cmake/export_interfaces__rosidl_generator_cExport-noconfig.cmake
-- Up-to-date: /home/sami/session7/ros2-assignment7/install/interfaces/share/interfaces/cmake/export_interfaces__rosidl_typesupport_fastrtps_cExport.cmake
-- Up-to-date: /home/sami/session7/ros2-assignment7/install/interfaces/share/interfaces/cmake/export_interfaces__rosidl_typesupport_fastrtps_cExport-noconfig.cmake
-- Up-to-date: /home/sami/session7/ros2-assignment7/install/interfaces/share/interfaces/cmake/interfaces__rosidl_typesupport_introspection_cExport.cmake
-- Up-to-date: /home/sami/session7/ros2-assignment7/install/interfaces/share/interfaces/cmake/interfaces__rosidl_typesupport_introspection_cExport-noconfig.cmake
-- Up-to-date: /home/sami/session7/ros2-assignment7/install/interfaces/share/interfaces/cmake/interfaces__rosidl_typesupport_cExport.cmake
-- Up-to-date: /home/sami/session7/ros2-assignment7/install/interfaces/share/interfaces/cmake/interfaces__rosidl_typesupport_cExport-noconfig.cmake
-- Up-to-date: /home/sami/session7/ros2-assignment7/install/interfaces/share/interfaces/cmake/export_interfaces__rosidl_generator_cppExport.cmake
-- Up-to-date: /home/sami/session7/ros2-assignment7/install/interfaces/share/interfaces/cmake/export_interfaces__rosidl_typesupport_fastrtps_cppExport.cmake
-- Up-to-date: /home/sami/session7/ros2-assignment7/install/interfaces/share/interfaces/cmake/export_interfaces__rosidl_typesupport_fastrtps_cppExport-noconfig.cmake
-- Up-to-date: /home/sami/session7/ros2-assignment7/install/interfaces/share/interfaces/cmake/interfaces__rosidl_typesupport_introspection_cppExport.cmake
-- Up-to-date: /home/sami/session7/ros2-assignment7/install/interfaces/share/interfaces/cmake/interfaces__rosidl_typesupport_introspection_cppExport-noconfig.cmake
-- Up-to-date: /home/sami/session7/ros2-assignment7/install/interfaces/share/interfaces/cmake/interfaces__rosidl_typesupport_cppExport.cmake
-- Up-to-date: /home/sami/session7/ros2-assignment7/install/interfaces/share/interfaces/cmake/interfaces__rosidl_typesupport_cppExport-noconfig.cmake
-- Up-to-date: /home/sami/session7/ros2-assignment7/install/interfaces/share/interfaces/cmake/export_interfaces__rosidl_generator_pyExport.cmake
-- Up-to-date: /home/sami/session7/ros2-assignment7/install/interfaces/share/interfaces/cmake/export_interfaces__rosidl_generator_pyExport-noconfig.cmake
-- Up-to-date: /home/sami/session7/ros2-assignment7/install/interfaces/share/interfaces/cmake/rosidl_cmake-extras.cmake
-- Up-to-date: /home/sami/session7/ros2-assignment7/install/interfaces/share/interfaces/cmake/ament_cmake_export_dependencies-extras.cmake
-- Up-to-date: /home/sami/session7/ros2-assignment7/install/interfaces/share/interfaces/cmake/ament_cmake_export_include_directories-extras.cmake
-- Up-to-date: /home/sami/session7/ros2-assignment7/install/interfaces/share/interfaces/cmake/ament_cmake_export_libraries-extras.cmake
-- Up-to-date: /home/sami/session7/ros2-assignment7/install/interfaces/share/interfaces/cmake/ament_cmake_export_targets-extras.cmake
-- Up-to-date: /home/sami/session7/ros2-assignment7/install/interfaces/share/interfaces/cmake/rosidl_cmake_export_typesupport_targets-extras.cmake
-- Up-to-date: /home/sami/session7/ros2-assignment7/install/interfaces/share/interfaces/cmake/rosidl_cmake_export_typesupport_libraries-extras.cmake
-- Up-to-date: /home/sami/session7/ros2-assignment7/install/interfaces/share/interfaces/cmake/interfacesConfig.cmake
-- Up-to-date: /home/sami/session7/ros2-assignment7/install/interfaces/share/interfaces/cmake/interfacesConfig-version.cmake
-- Up-to-date: /home/sami/session7/ros2-assignment7/install/interfaces/share/interfaces/package.xml
